## SLURM PROLOG ###############################################################
##    Job ID : 3776336
##  Job Name : pathtracker_mot
##  Nodelist : gpu2005
##      CPUs : 1
##  Mem/Node : 30720 MB
## Directory : /gpfs/data/tserre/aarjun1/pathtracker/mot/InT-Models-main
##   Started : Mon Jan 10 07:32:59 EST 2022
###############################################################################
Tensorflow version 2.7.0
Failed to import slowfast.
Failed to import spatial sampler.
Found dataset: /users/aarjun1/scratch/pathtracker_data/mot/tfrecords/
Loading training dataset
Loading validation dataset
Init model ffhgru multi full bptt penalty:  False
107340
Loading parallel finished on GPU count: 4
Including parameters ['module.bn.weight', 'module.bn.bias', 'module.preproc.weight', 'module.preproc.bias', 'module.unit1.w_exc', 'module.unit1.w_inh', 'module.unit1.alpha', 'module.unit1.mu', 'module.unit1.gamma', 'module.unit1.kappa', 'module.unit1.w', 'module.unit1.a_w_gate.weight', 'module.unit1.a_w_gate.bias', 'module.unit1.a_u_gate.weight', 'module.unit1.a_u_gate.bias', 'module.unit1.i_w_gate.weight', 'module.unit1.i_w_gate.bias', 'module.unit1.i_u_gate.weight', 'module.unit1.i_u_gate.bias', 'module.unit1.e_w_gate.weight', 'module.unit1.e_w_gate.bias', 'module.unit1.e_u_gate.weight', 'module.unit1.e_u_gate.bias', 'module.unit1.bn.0.weight', 'module.unit1.bn.0.bias', 'module.unit1.bn.1.weight', 'module.unit1.bn.1.bias', 'module.readout_conv_1.weight', 'module.readout_conv_1.bias', 'module.target_conv_1.weight', 'module.target_conv_1.bias', 'module.readout_dense_1.weight', 'module.readout_dense_1.bias', 'module.readout_conv_2.weight', 'module.readout_conv_2.bias', 'module.target_conv_2.weight', 'module.target_conv_2.bias', 'module.readout_dense_2.weight', 'module.readout_dense_2.bias']
Epoch: [0][0/167]  lr: 3e-05  Time: 14.990 (itavg:14.990) (14.990)  Data: 0.588 (0.588) Loss: 0.42618108 (0.42618108) (0.42618108)  bal_acc: 91.11111 (91.11111) preci: 0.90948 (0.90948) rec: 0.44444 (0.44444)  f1: 0.58253 (0.58253) jvpen: 1.000000000000 14.990 losscale:1.00000
Epoch: [0][20/167]  lr: 3e-05  Time: 1.488 (itavg:1.557) (2.197)  Data: 0.071 (0.102) Loss: 0.37943166 (0.42742823) (0.42736884)  bal_acc: 91.94445 (91.53439) preci: 0.95221 (0.92589) rec: 0.46389 (0.45265)  f1: 0.60585 (0.59255) jvpen: 1.000000000000 31.137 losscale:1.00000
Epoch: [0][40/167]  lr: 3e-05  Time: 1.492 (itavg:1.496) (1.855)  Data: 0.061 (0.087) Loss: 0.35594231 (0.45177522) (0.43927439)  bal_acc: 91.66667 (91.16532) preci: 0.93058 (0.92245) rec: 0.45556 (0.45203)  f1: 0.59244 (0.58959) jvpen: 1.000000000000 29.923 losscale:1.00000
Epoch: [0][60/167]  lr: 3e-05  Time: 1.493 (itavg:1.493) (1.736)  Data: 0.048 (0.079) Loss: 0.46650434 (0.44981213) (0.44272939)  bal_acc: 90.27778 (90.95629) preci: 0.92245 (0.92145) rec: 0.46944 (0.45046)  f1: 0.60807 (0.58804) jvpen: 1.000000000000 29.852 losscale:1.00000
Epoch: [0][80/167]  lr: 3e-05  Time: 1.496 (itavg:1.495) (1.676)  Data: 0.053 (0.076) Loss: 0.48024932 (0.43100487) (0.43983445)  bal_acc: 89.72222 (90.96022) preci: 0.91127 (0.92094) rec: 0.45556 (0.44983)  f1: 0.59216 (0.58735) jvpen: 1.000000000000 29.895 losscale:1.00000
Epoch: [0][100/167]  lr: 3e-05  Time: 1.487 (itavg:1.498) (1.641)  Data: 0.061 (0.075) Loss: 0.52430880 (0.43388821) (0.43865697)  bal_acc: 88.33334 (90.92960) preci: 0.93960 (0.92226) rec: 0.44444 (0.44546)  f1: 0.58266 (0.58348) jvpen: 1.000000000000 29.958 losscale:1.00000
Epoch: [0][120/167]  lr: 3e-05  Time: 1.501 (itavg:1.498) (1.618)  Data: 0.069 (0.074) Loss: 0.35493889 (0.43165164) (0.43749907)  bal_acc: 93.33334 (90.95730) preci: 0.93413 (0.92239) rec: 0.41111 (0.44479)  f1: 0.55830 (0.58290) jvpen: 1.000000000000 29.969 losscale:1.00000
Epoch: [0][140/167]  lr: 3e-05  Time: 1.488 (itavg:1.496) (1.600)  Data: 0.061 (0.073) Loss: 0.38058043 (0.46143499) (0.44089423)  bal_acc: 91.66667 (90.89638) preci: 0.91428 (0.92088) rec: 0.40833 (0.44253)  f1: 0.54862 (0.58050) jvpen: 1.000000000000 29.929 losscale:1.00000
Epoch: [0][160/167]  lr: 3e-05  Time: 1.465 (itavg:1.494) (1.587)  Data: 0.024 (0.071) Loss: 0.46545562 (0.43974720) (0.44075174)  bal_acc: 90.27779 (90.85231) preci: 0.91486 (0.92126) rec: 0.47222 (0.44350)  f1: 0.60807 (0.58143) jvpen: 1.000000000000 29.882 losscale:1.00000
0
Test: [0/167]	 Time: 1.304	 Loss: 0.59751940 ( 0.59751940)	Bal_acc: 88.61111450 preci: 0.88777 (0.88777) rec: 0.40833(0.40833) f1: 0.54821 (0.54821)
Test: [3600/167]	 Time: 0.781	 Loss: 0.44260216 ( 0.45803032)	Bal_acc: 90.46296474 preci: 0.89187 (0.91908) rec: 0.42222(0.44894) f1: 0.55836 (0.58712)
Test: [7200/167]	 Time: 0.765	 Loss: 0.49258476 ( 0.47605475)	Bal_acc: 89.97290095 preci: 0.87520 (0.91290) rec: 0.43056(0.44444) f1: 0.56127 (0.58024)
Test: [10800/167]	 Time: 0.761	 Loss: 0.56566894 ( 0.48658774)	Bal_acc: 89.93624953 preci: 0.93479 (0.91131) rec: 0.44167(0.44372) f1: 0.57793 (0.57998)
Test: [14400/167]	 Time: 0.759	 Loss: 0.48538294 ( 0.48724556)	Bal_acc: 90.03086599 preci: 0.89360 (0.91103) rec: 0.41667(0.44108) f1: 0.54144 (0.57723)
Test: [18000/167]	 Time: 0.759	 Loss: 0.59160006 ( 0.48489784)	Bal_acc: 90.06325826 preci: 0.88681 (0.91179) rec: 0.44722(0.44189) f1: 0.57732 (0.57780)
Test: [21600/167]	 Time: 0.758	 Loss: 0.44496793 ( 0.48313005)	Bal_acc: 90.02755019 preci: 0.89752 (0.91185) rec: 0.40556(0.44130) f1: 0.54428 (0.57735)
Test: [25200/167]	 Time: 0.758	 Loss: 0.44747046 ( 0.48118268)	Bal_acc: 90.04334319 preci: 0.93512 (0.91204) rec: 0.45833(0.44173) f1: 0.59701 (0.57767)
Test: [28800/167]	 Time: 0.757	 Loss: 0.43473855 ( 0.48068722)	Bal_acc: 90.10869783 preci: 0.89344 (0.91025) rec: 0.46389(0.44011) f1: 0.59572 (0.57591)
val f 0.5762250121817531 val loss 0.4804376591759992 val acc 90.11044394251812
Epoch: [1][0/167]  lr: 3e-05  Time: 6.174 (itavg:6.174) (6.174)  Data: 0.579 (0.579) Loss: 0.47389486 (0.47389486) (0.47389486)  bal_acc: 91.11111 (91.11111) preci: 0.94845 (0.94845) rec: 0.45556 (0.45556)  f1: 0.60269 (0.60269) jvpen: 1.000000000000 6.174 losscale:1.00000
Epoch: [1][20/167]  lr: 3e-05  Time: 1.499 (itavg:1.506) (1.728)  Data: 0.060 (0.100) Loss: 0.40839598 (0.41574033) (0.41850960)  bal_acc: 92.77779 (91.60053) preci: 0.95774 (0.92872) rec: 0.48056 (0.44921)  f1: 0.62182 (0.59016) jvpen: 1.000000000000 30.114 losscale:1.00000
Epoch: [1][40/167]  lr: 3e-05  Time: 1.499 (itavg:1.497) (1.615)  Data: 0.068 (0.083) Loss: 0.48882610 (0.43412938) (0.42612900)  bal_acc: 90.55556 (91.41599) preci: 0.94190 (0.92562) rec: 0.44722 (0.45061)  f1: 0.58990 (0.58984) jvpen: 1.000000000000 29.945 losscale:1.00000
Epoch: [1][60/167]  lr: 3e-05  Time: 1.500 (itavg:1.500) (1.578)  Data: 0.068 (0.079) Loss: 0.42937601 (0.42355558) (0.42528526)  bal_acc: 92.50000 (91.33425) preci: 0.89771 (0.92668) rec: 0.43333 (0.45241)  f1: 0.56990 (0.59100) jvpen: 1.000000000000 30.009 losscale:1.00000
Epoch: [1][80/167]  lr: 3e-05  Time: 1.490 (itavg:1.500) (1.559)  Data: 0.061 (0.075) Loss: 0.36441225 (0.43364563) (0.42734955)  bal_acc: 92.50000 (91.23114) preci: 0.94832 (0.92480) rec: 0.44722 (0.45058)  f1: 0.59666 (0.58876) jvpen: 1.000000000000 30.003 losscale:1.00000
Epoch: [1][100/167]  lr: 3e-05  Time: 1.499 (itavg:1.503) (1.547)  Data: 0.062 (0.074) Loss: 0.46079552 (0.42253953) (0.42639707)  bal_acc: 90.27779 (91.24038) preci: 0.94903 (0.92420) rec: 0.42778 (0.44725)  f1: 0.57047 (0.58551) jvpen: 1.000000000000 30.052 losscale:1.00000
Epoch: [1][120/167]  lr: 3e-05  Time: 1.502 (itavg:1.498) (1.539)  Data: 0.064 (0.072) Loss: 0.45538270 (0.41795208) (0.42500120)  bal_acc: 91.11111 (91.31543) preci: 0.88541 (0.92473) rec: 0.44444 (0.44669)  f1: 0.57794 (0.58508) jvpen: 1.000000000000 29.953 losscale:1.00000
Epoch: [1][140/167]  lr: 3e-05  Time: 1.497 (itavg:1.500) (1.534)  Data: 0.065 (0.071) Loss: 0.38308564 (0.44192785) (0.42740215)  bal_acc: 92.50000 (91.26478) preci: 0.95395 (0.92347) rec: 0.43889 (0.44531)  f1: 0.57898 (0.58360) jvpen: 1.000000000000 29.998 losscale:1.00000
Epoch: [1][160/167]  lr: 3e-05  Time: 1.476 (itavg:1.499) (1.529)  Data: 0.025 (0.071) Loss: 0.49054825 (0.45358242) (0.43065435)  bal_acc: 89.16667 (91.15080) preci: 0.88268 (0.92384) rec: 0.41944 (0.44477)  f1: 0.55096 (0.58303) jvpen: 1.000000000000 29.973 losscale:1.00000
1
Test: [0/167]	 Time: 1.245	 Loss: 0.52655482 ( 0.52655482)	Bal_acc: 89.44444275 preci: 0.87533 (0.87533) rec: 0.43333(0.43333) f1: 0.56532 (0.56532)
Test: [3600/167]	 Time: 0.789	 Loss: 0.44486910 ( 0.47351661)	Bal_acc: 90.07936823 preci: 0.92966 (0.91267) rec: 0.40833(0.44630) f1: 0.55624 (0.58316)
Test: [7200/167]	 Time: 0.774	 Loss: 0.35985923 ( 0.46987574)	Bal_acc: 90.30488084 preci: 0.91773 (0.91523) rec: 0.44444(0.44695) f1: 0.58503 (0.58351)
Test: [10800/167]	 Time: 0.768	 Loss: 0.53475326 ( 0.48590198)	Bal_acc: 89.98634126 preci: 0.87250 (0.90907) rec: 0.42222(0.44358) f1: 0.54826 (0.57942)
Test: [14400/167]	 Time: 0.765	 Loss: 0.47446913 ( 0.48621147)	Bal_acc: 90.05144265 preci: 0.92893 (0.91209) rec: 0.41389(0.44283) f1: 0.55232 (0.57901)
Test: [18000/167]	 Time: 0.763	 Loss: 0.35032469 ( 0.48445396)	Bal_acc: 90.09901254 preci: 0.91433 (0.91044) rec: 0.45833(0.44161) f1: 0.59919 (0.57718)
Test: [21600/167]	 Time: 0.761	 Loss: 0.51665044 ( 0.48066483)	Bal_acc: 90.11019557 preci: 0.90509 (0.91114) rec: 0.43889(0.44309) f1: 0.56874 (0.57868)
Test: [25200/167]	 Time: 0.760	 Loss: 0.39010435 ( 0.48160447)	Bal_acc: 90.12017606 preci: 0.93854 (0.91080) rec: 0.44722(0.44208) f1: 0.58828 (0.57773)
Test: [28800/167]	 Time: 0.758	 Loss: 0.50346148 ( 0.47936011)	Bal_acc: 90.21049263 preci: 0.89409 (0.91027) rec: 0.45000(0.44186) f1: 0.58709 (0.57740)
val f 0.5769855353128479 val loss 0.4806263622749283 val acc 90.19076565662063
Epoch: [2][0/167]  lr: 3e-05  Time: 6.109 (itavg:6.109) (6.109)  Data: 0.576 (0.576) Loss: 0.46234694 (0.46234694) (0.46234694)  bal_acc: 89.72223 (89.72223) preci: 0.88485 (0.88485) rec: 0.41111 (0.41111)  f1: 0.54748 (0.54748) jvpen: 1.000000000000 6.109 losscale:1.00000
Epoch: [2][20/167]  lr: 3e-05  Time: 1.493 (itavg:1.502) (1.721)  Data: 0.079 (0.100) Loss: 0.44161132 (0.40714670) (0.40977529)  bal_acc: 91.66667 (91.57408) preci: 0.92582 (0.93074) rec: 0.44444 (0.44934)  f1: 0.58398 (0.59026) jvpen: 1.000000000000 30.037 losscale:1.00000
Epoch: [2][40/167]  lr: 3e-05  Time: 1.489 (itavg:1.498) (1.612)  Data: 0.060 (0.083) Loss: 0.47511840 (0.43976585) (0.42440483)  bal_acc: 90.27778 (91.41599) preci: 0.87821 (0.92760) rec: 0.41111 (0.44986)  f1: 0.53907 (0.58900) jvpen: 1.000000000000 29.954 losscale:1.00000
Epoch: [2][60/167]  lr: 3e-05  Time: 1.495 (itavg:1.498) (1.575)  Data: 0.060 (0.076) Loss: 0.44271934 (0.42883330) (0.42585679)  bal_acc: 91.11111 (91.29326) preci: 0.89524 (0.92738) rec: 0.42778 (0.45009)  f1: 0.55674 (0.58900) jvpen: 1.000000000000 29.963 losscale:1.00000
Epoch: [2][80/167]  lr: 3e-05  Time: 1.504 (itavg:1.502) (1.557)  Data: 0.063 (0.074) Loss: 0.41347125 (0.43269991) (0.42754645)  bal_acc: 91.66667 (91.19685) preci: 0.90930 (0.92517) rec: 0.45278 (0.44976)  f1: 0.59597 (0.58817) jvpen: 1.000000000000 30.036 losscale:1.00000
Epoch: [2][100/167]  lr: 3e-05  Time: 1.493 (itavg:1.506) (1.547)  Data: 0.063 (0.073) Loss: 0.52649099 (0.42456184) (0.42695544)  bal_acc: 90.83334 (91.22938) preci: 0.95414 (0.92488) rec: 0.43889 (0.44618)  f1: 0.58032 (0.58448) jvpen: 1.000000000000 30.117 losscale:1.00000
Epoch: [2][120/167]  lr: 3e-05  Time: 1.496 (itavg:1.503) (1.539)  Data: 0.067 (0.072) Loss: 0.44084790 (0.41154089) (0.42440758)  bal_acc: 90.27779 (91.35446) preci: 0.91279 (0.92560) rec: 0.42500 (0.44626)  f1: 0.56191 (0.58473) jvpen: 1.000000000000 30.052 losscale:1.00000
Epoch: [2][140/167]  lr: 3e-05  Time: 1.493 (itavg:1.505) (1.534)  Data: 0.073 (0.072) Loss: 0.35440981 (0.44684845) (0.42759068)  bal_acc: 95.00000 (91.30221) preci: 0.93063 (0.92470) rec: 0.41389 (0.44502)  f1: 0.55546 (0.58347) jvpen: 1.000000000000 30.097 losscale:1.00000
Epoch: [2][160/167]  lr: 3e-05  Time: 1.485 (itavg:1.502) (1.530)  Data: 0.025 (0.071) Loss: 0.40727842 (0.43981243) (0.42910891)  bal_acc: 91.38889 (91.21118) preci: 0.92821 (0.92415) rec: 0.44722 (0.44462)  f1: 0.58689 (0.58303) jvpen: 1.000000000000 30.041 losscale:1.00000
2
Test: [0/167]	 Time: 1.243	 Loss: 0.47269890 ( 0.47269890)	Bal_acc: 91.11111450 preci: 0.92010 (0.92010) rec: 0.45556(0.45556) f1: 0.59265 (0.59265)
Test: [3600/167]	 Time: 0.789	 Loss: 0.45646173 ( 0.47560640)	Bal_acc: 90.05291203 preci: 0.92036 (0.91744) rec: 0.44722(0.44868) f1: 0.59099 (0.58666)
Test: [7200/167]	 Time: 0.774	 Loss: 0.50995594 ( 0.48159957)	Bal_acc: 89.97290169 preci: 0.92262 (0.91773) rec: 0.42222(0.44322) f1: 0.55497 (0.57985)
Test: [10800/167]	 Time: 0.767	 Loss: 0.47680494 ( 0.48893663)	Bal_acc: 89.78597635 preci: 0.93372 (0.91301) rec: 0.43333(0.44007) f1: 0.57361 (0.57677)
Test: [14400/167]	 Time: 0.763	 Loss: 0.56282479 ( 0.48208019)	Bal_acc: 90.02743709 preci: 0.88731 (0.91509) rec: 0.43056(0.44050) f1: 0.56451 (0.57737)
Test: [18000/167]	 Time: 0.761	 Loss: 0.52705312 ( 0.48573352)	Bal_acc: 89.95874817 preci: 0.85613 (0.91309) rec: 0.42222(0.43908) f1: 0.54831 (0.57536)
Test: [21600/167]	 Time: 0.760	 Loss: 0.51160026 ( 0.48240689)	Bal_acc: 89.99770639 preci: 0.90512 (0.91362) rec: 0.45833(0.43994) f1: 0.59407 (0.57634)
Test: [25200/167]	 Time: 0.759	 Loss: 0.42407513 ( 0.48134836)	Bal_acc: 90.00591229 preci: 0.90275 (0.91360) rec: 0.44167(0.44017) f1: 0.57549 (0.57668)
Test: [28800/167]	 Time: 0.757	 Loss: 0.46938705 ( 0.48052174)	Bal_acc: 90.05866327 preci: 0.93097 (0.91211) rec: 0.44167(0.43877) f1: 0.58727 (0.57515)
val f 0.5753487993076624 val loss 0.480265776615545 val acc 90.06526317366634
EarlyStopping counter: 1 out of 500
Epoch: [3][0/167]  lr: 3e-05  Time: 6.203 (itavg:6.203) (6.203)  Data: 0.579 (0.579) Loss: 0.43689305 (0.43689305) (0.43689305)  bal_acc: 90.83334 (90.83334) preci: 0.90088 (0.90088) rec: 0.41667 (0.41667)  f1: 0.54612 (0.54612) jvpen: 1.000000000000 6.203 losscale:1.00000
Epoch: [3][20/167]  lr: 3e-05  Time: 1.507 (itavg:1.504) (1.727)  Data: 0.046 (0.099) Loss: 0.51947099 (0.40532822) (0.40683130)  bal_acc: 89.44444 (91.75926) preci: 0.88652 (0.93111) rec: 0.41111 (0.45053)  f1: 0.54289 (0.59031) jvpen: 1.000000000000 30.072 losscale:1.00000
Epoch: [3][40/167]  lr: 3e-05  Time: 1.494 (itavg:1.497) (1.615)  Data: 0.060 (0.082) Loss: 0.42353678 (0.43817251) (0.42211970)  bal_acc: 90.83334 (91.28727) preci: 0.91930 (0.92502) rec: 0.42222 (0.44986)  f1: 0.55960 (0.58865) jvpen: 1.000000000000 29.931 losscale:1.00000
Epoch: [3][60/167]  lr: 3e-05  Time: 1.492 (itavg:1.500) (1.577)  Data: 0.066 (0.077) Loss: 0.41568512 (0.42202271) (0.42208790)  bal_acc: 91.94444 (91.33880) preci: 0.93020 (0.92859) rec: 0.43611 (0.45114)  f1: 0.57576 (0.59010) jvpen: 1.000000000000 29.998 losscale:1.00000
Epoch: [3][80/167]  lr: 3e-05  Time: 1.503 (itavg:1.497) (1.557)  Data: 0.054 (0.074) Loss: 0.42272291 (0.41957414) (0.42146722)  bal_acc: 91.11111 (91.29287) preci: 0.96270 (0.92709) rec: 0.48889 (0.45010)  f1: 0.63154 (0.58862) jvpen: 1.000000000000 29.943 losscale:1.00000
Epoch: [3][100/167]  lr: 3e-05  Time: 1.511 (itavg:1.498) (1.546)  Data: 0.059 (0.072) Loss: 0.45388979 (0.41912362) (0.42100314)  bal_acc: 90.00000 (91.30363) preci: 0.94384 (0.92595) rec: 0.44722 (0.44645)  f1: 0.58601 (0.58509) jvpen: 1.000000000000 29.970 losscale:1.00000
Epoch: [3][120/167]  lr: 3e-05  Time: 1.497 (itavg:1.500) (1.538)  Data: 0.061 (0.070) Loss: 0.46337199 (0.42932627) (0.42237886)  bal_acc: 91.94445 (91.32920) preci: 0.88603 (0.92606) rec: 0.43889 (0.44635)  f1: 0.57039 (0.58506) jvpen: 1.000000000000 29.991 losscale:1.00000
Epoch: [3][140/167]  lr: 3e-05  Time: 1.494 (itavg:1.500) (1.533)  Data: 0.063 (0.069) Loss: 0.45372930 (0.46492420) (0.42841366)  bal_acc: 90.83334 (91.22735) preci: 0.89938 (0.92344) rec: 0.40278 (0.44433)  f1: 0.53535 (0.58261) jvpen: 1.000000000000 30.005 losscale:1.00000
Epoch: [3][160/167]  lr: 3e-05  Time: 1.452 (itavg:1.496) (1.528)  Data: 0.023 (0.069) Loss: 0.41869491 (0.45375595) (0.43156177)  bal_acc: 93.33334 (91.14907) preci: 0.92018 (0.92424) rec: 0.42778 (0.44436)  f1: 0.56688 (0.58267) jvpen: 1.000000000000 29.918 losscale:1.00000
3
Test: [0/167]	 Time: 1.254	 Loss: 0.52322721 ( 0.52322721)	Bal_acc: 89.72222900 preci: 0.89566 (0.89566) rec: 0.41111(0.41111) f1: 0.54664 (0.54664)
Test: [3600/167]	 Time: 0.791	 Loss: 0.42677963 ( 0.47662603)	Bal_acc: 89.93386441 preci: 0.91872 (0.91444) rec: 0.42500(0.44365) f1: 0.56521 (0.58128)
Test: [7200/167]	 Time: 0.777	 Loss: 0.57602799 ( 0.47627915)	Bal_acc: 89.91192664 preci: 0.85360 (0.91432) rec: 0.42222(0.44350) f1: 0.54202 (0.58029)
Test: [10800/167]	 Time: 0.771	 Loss: 0.52432305 ( 0.48061726)	Bal_acc: 89.89071280 preci: 0.90652 (0.91246) rec: 0.44167(0.44390) f1: 0.58093 (0.58044)
Test: [14400/167]	 Time: 0.767	 Loss: 0.50868928 ( 0.48241042)	Bal_acc: 89.95542051 preci: 0.91554 (0.91268) rec: 0.43333(0.44050) f1: 0.56854 (0.57704)
Test: [18000/167]	 Time: 0.765	 Loss: 0.39700946 ( 0.48098264)	Bal_acc: 90.00550268 preci: 0.95968 (0.91260) rec: 0.49722(0.43982) f1: 0.63854 (0.57617)
Test: [21600/167]	 Time: 0.764	 Loss: 0.61045462 ( 0.47927704)	Bal_acc: 90.04132439 preci: 0.90712 (0.91303) rec: 0.41667(0.44001) f1: 0.55288 (0.57648)
Test: [25200/167]	 Time: 0.763	 Loss: 0.40066051 ( 0.48121990)	Bal_acc: 90.03546299 preci: 0.92784 (0.91384) rec: 0.42778(0.43978) f1: 0.56833 (0.57630)
Test: [28800/167]	 Time: 0.761	 Loss: 0.42781693 ( 0.47867986)	Bal_acc: 90.11559912 preci: 0.88214 (0.91334) rec: 0.43889(0.43894) f1: 0.56915 (0.57536)
val f 0.5751982596983393 val loss 0.47846931452492636 val acc 90.11713735741306
EarlyStopping counter: 2 out of 500
Epoch: [4][0/167]  lr: 3e-05  Time: 6.184 (itavg:6.184) (6.184)  Data: 0.579 (0.579) Loss: 0.44212055 (0.44212055) (0.44212055)  bal_acc: 90.83334 (90.83334) preci: 0.92552 (0.92552) rec: 0.43333 (0.43333)  f1: 0.57888 (0.57888) jvpen: 1.000000000000 6.184 losscale:1.00000
Epoch: [4][20/167]  lr: 3e-05  Time: 1.481 (itavg:1.504) (1.727)  Data: 0.059 (0.101) Loss: 0.46362615 (0.41796982) (0.41911986)  bal_acc: 90.55556 (91.41535) preci: 0.92857 (0.93180) rec: 0.43611 (0.44696)  f1: 0.57912 (0.58790) jvpen: 1.000000000000 30.081 losscale:1.00000
Epoch: [4][40/167]  lr: 3e-05  Time: 1.481 (itavg:1.497) (1.615)  Data: 0.058 (0.083) Loss: 0.40385699 (0.42548506) (0.42222483)  bal_acc: 91.94444 (91.38889) preci: 0.93662 (0.93029) rec: 0.45833 (0.45081)  f1: 0.60215 (0.58987) jvpen: 1.000000000000 29.947 losscale:1.00000
Epoch: [4][60/167]  lr: 3e-05  Time: 1.508 (itavg:1.497) (1.576)  Data: 0.065 (0.076) Loss: 0.40573984 (0.41872826) (0.42107842)  bal_acc: 92.22223 (91.42988) preci: 0.92890 (0.93098) rec: 0.44722 (0.45141)  f1: 0.58650 (0.59063) jvpen: 1.000000000000 29.932 losscale:1.00000
Epoch: [4][80/167]  lr: 3e-05  Time: 1.490 (itavg:1.498) (1.557)  Data: 0.058 (0.074) Loss: 0.35204971 (0.42127539) (0.42112705)  bal_acc: 93.33334 (91.37175) preci: 0.92226 (0.92834) rec: 0.45000 (0.44928)  f1: 0.59056 (0.58813) jvpen: 1.000000000000 29.957 losscale:1.00000
Epoch: [4][100/167]  lr: 3e-05  Time: 1.485 (itavg:1.495) (1.544)  Data: 0.057 (0.071) Loss: 0.46874818 (0.41144135) (0.41920909)  bal_acc: 90.83334 (91.34214) preci: 0.94178 (0.92817) rec: 0.43611 (0.44681)  f1: 0.57313 (0.58574) jvpen: 1.000000000000 29.892 losscale:1.00000
Epoch: [4][120/167]  lr: 3e-05  Time: 1.490 (itavg:1.497) (1.537)  Data: 0.062 (0.070) Loss: 0.40270400 (0.40879324) (0.41748746)  bal_acc: 92.50000 (91.42792) preci: 0.90531 (0.92829) rec: 0.42778 (0.44610)  f1: 0.56445 (0.58502) jvpen: 1.000000000000 29.945 losscale:1.00000
Epoch: [4][140/167]  lr: 3e-05  Time: 1.490 (itavg:1.498) (1.531)  Data: 0.044 (0.069) Loss: 0.42065194 (0.45662102) (0.42303832)  bal_acc: 91.11111 (91.31009) preci: 0.94242 (0.92616) rec: 0.47222 (0.44431)  f1: 0.60573 (0.58296) jvpen: 1.000000000000 29.954 losscale:1.00000
Epoch: [4][160/167]  lr: 3e-05  Time: 1.494 (itavg:1.495) (1.527)  Data: 0.022 (0.068) Loss: 0.41867501 (0.43816140) (0.42491697)  bal_acc: 91.66667 (91.21291) preci: 0.93478 (0.92625) rec: 0.46389 (0.44432)  f1: 0.60823 (0.58296) jvpen: 1.000000000000 29.900 losscale:1.00000
4
Test: [0/167]	 Time: 1.240	 Loss: 0.55140471 ( 0.55140471)	Bal_acc: 88.61111450 preci: 0.89707 (0.89707) rec: 0.44722(0.44722) f1: 0.57693 (0.57693)
Test: [3600/167]	 Time: 0.784	 Loss: 0.50666326 ( 0.46977328)	Bal_acc: 90.41005525 preci: 0.92043 (0.91967) rec: 0.43333(0.44894) f1: 0.57557 (0.58670)
Test: [7200/167]	 Time: 0.771	 Loss: 0.46157095 ( 0.47704298)	Bal_acc: 90.24390504 preci: 0.91460 (0.91702) rec: 0.44167(0.44709) f1: 0.58336 (0.58390)
Test: [10800/167]	 Time: 0.765	 Loss: 0.46286076 ( 0.48016762)	Bal_acc: 90.17304455 preci: 0.90944 (0.91549) rec: 0.42500(0.44572) f1: 0.56122 (0.58248)
Test: [14400/167]	 Time: 0.763	 Loss: 0.52029920 ( 0.48434103)	Bal_acc: 90.14746461 preci: 0.88892 (0.91351) rec: 0.44444(0.44297) f1: 0.58098 (0.57937)
Test: [18000/167]	 Time: 0.761	 Loss: 0.58235443 ( 0.48295996)	Bal_acc: 90.19802199 preci: 0.88750 (0.91246) rec: 0.43611(0.44197) f1: 0.56763 (0.57790)
Test: [21600/167]	 Time: 0.760	 Loss: 0.56428766 ( 0.47868740)	Bal_acc: 90.23875333 preci: 0.91836 (0.91307) rec: 0.45000(0.44286) f1: 0.58886 (0.57892)
Test: [25200/167]	 Time: 0.759	 Loss: 0.44328624 ( 0.47953197)	Bal_acc: 90.17927714 preci: 0.94079 (0.91336) rec: 0.45833(0.44309) f1: 0.60332 (0.57907)
Test: [28800/167]	 Time: 0.757	 Loss: 0.46920326 ( 0.47757693)	Bal_acc: 90.28985743 preci: 0.89438 (0.91207) rec: 0.41667(0.44172) f1: 0.55780 (0.57762)
val f 0.5773955888776894 val loss 0.47836560190442096 val acc 90.28447355707007
Epoch: [5][0/167]  lr: 3e-05  Time: 6.120 (itavg:6.120) (6.120)  Data: 0.579 (0.579) Loss: 0.40537560 (0.40537560) (0.40537560)  bal_acc: 91.94445 (91.94445) preci: 0.92317 (0.92317) rec: 0.44167 (0.44167)  f1: 0.57849 (0.57849) jvpen: 1.000000000000 6.120 losscale:1.00000
Epoch: [5][20/167]  lr: 3e-05  Time: 1.487 (itavg:1.497) (1.717)  Data: 0.058 (0.098) Loss: 0.37394476 (0.40336041) (0.40345637)  bal_acc: 93.33334 (91.69313) preci: 0.93616 (0.93158) rec: 0.44167 (0.45357)  f1: 0.58355 (0.59373) jvpen: 1.000000000000 29.943 losscale:1.00000
Epoch: [5][40/167]  lr: 3e-05  Time: 1.484 (itavg:1.495) (1.609)  Data: 0.060 (0.082) Loss: 0.49207693 (0.43798627) (0.42030022)  bal_acc: 89.72223 (91.45664) preci: 0.88583 (0.92722) rec: 0.41944 (0.45440)  f1: 0.54797 (0.59329) jvpen: 1.000000000000 29.900 losscale:1.00000
Epoch: [5][60/167]  lr: 3e-05  Time: 1.477 (itavg:1.493) (1.571)  Data: 0.052 (0.075) Loss: 0.43796206 (0.41299267) (0.41790430)  bal_acc: 92.50000 (91.50274) preci: 0.88376 (0.92730) rec: 0.38333 (0.45228)  f1: 0.52342 (0.59111) jvpen: 1.000000000000 29.856 losscale:1.00000
Epoch: [5][80/167]  lr: 3e-05  Time: 1.487 (itavg:1.497) (1.553)  Data: 0.062 (0.073) Loss: 0.38415760 (0.42700075) (0.42015034)  bal_acc: 92.77779 (91.37860) preci: 0.93731 (0.92696) rec: 0.46389 (0.45065)  f1: 0.60013 (0.58952) jvpen: 1.000000000000 29.936 losscale:1.00000
Epoch: [5][100/167]  lr: 3e-05  Time: 1.484 (itavg:1.494) (1.541)  Data: 0.059 (0.071) Loss: 0.46009761 (0.41591581) (0.41931182)  bal_acc: 89.72223 (91.38064) preci: 0.92930 (0.92693) rec: 0.42500 (0.44736)  f1: 0.56395 (0.58625) jvpen: 1.000000000000 29.874 losscale:1.00000
Epoch: [5][120/167]  lr: 3e-05  Time: 1.493 (itavg:1.496) (1.533)  Data: 0.061 (0.068) Loss: 0.48261094 (0.39995784) (0.41611281)  bal_acc: 91.38889 (91.52434) preci: 0.92645 (0.92792) rec: 0.42778 (0.44651)  f1: 0.56744 (0.58568) jvpen: 1.000000000000 29.915 losscale:1.00000
Epoch: [5][140/167]  lr: 3e-05  Time: 1.489 (itavg:1.495) (1.528)  Data: 0.056 (0.068) Loss: 0.43113697 (0.46247203) (0.42268859)  bal_acc: 91.94445 (91.40465) preci: 0.90053 (0.92534) rec: 0.39722 (0.44435)  f1: 0.53532 (0.58309) jvpen: 1.000000000000 29.908 losscale:1.00000
Epoch: [5][160/167]  lr: 3e-05  Time: 1.476 (itavg:1.493) (1.524)  Data: 0.021 (0.066) Loss: 0.40861779 (0.44461102) (0.42541187)  bal_acc: 92.77779 (91.29227) preci: 0.97472 (0.92564) rec: 0.48056 (0.44508)  f1: 0.62729 (0.58391) jvpen: 1.000000000000 29.853 losscale:1.00000
5
Test: [0/167]	 Time: 1.242	 Loss: 0.43789452 ( 0.43789452)	Bal_acc: 90.00000000 preci: 0.89224 (0.89224) rec: 0.43889(0.43889) f1: 0.57413 (0.57413)
Test: [3600/167]	 Time: 0.778	 Loss: 0.57547849 ( 0.48615535)	Bal_acc: 90.07936786 preci: 0.89643 (0.91609) rec: 0.43889(0.44762) f1: 0.57186 (0.58440)
Test: [7200/167]	 Time: 0.766	 Loss: 0.46079242 ( 0.48276151)	Bal_acc: 90.02032806 preci: 0.91148 (0.91430) rec: 0.42778(0.44492) f1: 0.57007 (0.58125)
Test: [10800/167]	 Time: 0.763	 Loss: 0.42358020 ( 0.48273905)	Bal_acc: 90.05464710 preci: 0.94306 (0.91418) rec: 0.45556(0.44399) f1: 0.59462 (0.58060)
Test: [14400/167]	 Time: 0.759	 Loss: 0.47561258 ( 0.48496036)	Bal_acc: 90.06173066 preci: 0.89858 (0.91326) rec: 0.45000(0.44136) f1: 0.58079 (0.57770)
Test: [18000/167]	 Time: 0.758	 Loss: 0.51806676 ( 0.48508335)	Bal_acc: 90.06325871 preci: 0.91453 (0.91235) rec: 0.47222(0.44120) f1: 0.60651 (0.57721)
Test: [21600/167]	 Time: 0.758	 Loss: 0.49718109 ( 0.48050023)	Bal_acc: 90.08035127 preci: 0.92219 (0.91225) rec: 0.47778(0.44199) f1: 0.61031 (0.57801)
Test: [25200/167]	 Time: 0.757	 Loss: 0.38042074 ( 0.48112533)	Bal_acc: 90.07486433 preci: 0.89126 (0.91242) rec: 0.40833(0.44143) f1: 0.54483 (0.57750)
Test: [28800/167]	 Time: 0.756	 Loss: 0.36473602 ( 0.47886544)	Bal_acc: 90.20531644 preci: 0.94977 (0.91190) rec: 0.46944(0.44111) f1: 0.61440 (0.57709)
val f 0.576642600886793 val loss 0.4799342424754637 val acc 90.17737859702972
EarlyStopping counter: 1 out of 500
Epoch: [6][0/167]  lr: 3e-05  Time: 6.139 (itavg:6.139) (6.139)  Data: 0.578 (0.578) Loss: 0.35247657 (0.35247657) (0.35247657)  bal_acc: 93.33334 (93.33334) preci: 0.97558 (0.97558) rec: 0.48889 (0.48889)  f1: 0.63823 (0.63823) jvpen: 1.000000000000 6.139 losscale:1.00000
Epoch: [6][20/167]  lr: 3e-05  Time: 1.476 (itavg:1.498) (1.719)  Data: 0.057 (0.097) Loss: 0.44211167 (0.40858017) (0.40590857)  bal_acc: 90.83334 (91.86508) preci: 0.90471 (0.93589) rec: 0.43333 (0.45661)  f1: 0.56169 (0.59718) jvpen: 1.000000000000 29.955 losscale:1.00000
Epoch: [6][40/167]  lr: 3e-05  Time: 1.495 (itavg:1.495) (1.610)  Data: 0.059 (0.080) Loss: 0.49724638 (0.43148462) (0.41838469)  bal_acc: 90.55556 (91.71410) preci: 0.87960 (0.92869) rec: 0.41389 (0.45095)  f1: 0.54559 (0.58979) jvpen: 1.000000000000 29.899 losscale:1.00000
Epoch: [6][60/167]  lr: 3e-05  Time: 1.488 (itavg:1.496) (1.572)  Data: 0.064 (0.075) Loss: 0.45302713 (0.42527851) (0.42064496)  bal_acc: 89.72223 (91.51184) preci: 0.92313 (0.92841) rec: 0.43056 (0.45191)  f1: 0.56962 (0.59063) jvpen: 1.000000000000 29.915 losscale:1.00000
Epoch: [6][80/167]  lr: 3e-05  Time: 1.486 (itavg:1.495) (1.553)  Data: 0.062 (0.073) Loss: 0.38071561 (0.41281298) (0.41871114)  bal_acc: 91.38889 (91.40604) preci: 0.91762 (0.92742) rec: 0.46667 (0.45161)  f1: 0.60407 (0.59001) jvpen: 1.000000000000 29.905 losscale:1.00000
Epoch: [6][100/167]  lr: 3e-05  Time: 1.488 (itavg:1.492) (1.541)  Data: 0.059 (0.069) Loss: 0.46411461 (0.41638831) (0.41825117)  bal_acc: 89.72222 (91.41915) preci: 0.87982 (0.92640) rec: 0.41944 (0.44719)  f1: 0.55410 (0.58582) jvpen: 1.000000000000 29.837 losscale:1.00000
Epoch: [6][120/167]  lr: 3e-05  Time: 1.489 (itavg:1.496) (1.534)  Data: 0.060 (0.068) Loss: 0.42728403 (0.39582237) (0.41454393)  bal_acc: 91.38889 (91.47383) preci: 0.91250 (0.92747) rec: 0.45556 (0.44727)  f1: 0.59250 (0.58618) jvpen: 1.000000000000 29.917 losscale:1.00000
Epoch: [6][140/167]  lr: 3e-05  Time: 1.491 (itavg:1.497) (1.528)  Data: 0.059 (0.067) Loss: 0.43476540 (0.44305508) (0.41858807)  bal_acc: 92.77779 (91.40859) preci: 0.94330 (0.92641) rec: 0.41389 (0.44588)  f1: 0.55818 (0.58477) jvpen: 1.000000000000 29.949 losscale:1.00000
Epoch: [6][160/167]  lr: 3e-05  Time: 1.463 (itavg:1.491) (1.524)  Data: 0.021 (0.065) Loss: 0.38998848 (0.45181757) (0.42271595)  bal_acc: 92.77779 (91.30263) preci: 0.94835 (0.92540) rec: 0.45833 (0.44517)  f1: 0.59637 (0.58375) jvpen: 1.000000000000 29.818 losscale:1.00000
6
Test: [0/167]	 Time: 1.241	 Loss: 0.54074323 ( 0.54074323)	Bal_acc: 88.05555725 preci: 0.90846 (0.90846) rec: 0.42500(0.42500) f1: 0.55351 (0.55351)
Test: [3600/167]	 Time: 0.783	 Loss: 0.42292592 ( 0.47416215)	Bal_acc: 90.29100763 preci: 0.92808 (0.91485) rec: 0.43889(0.44828) f1: 0.57730 (0.58492)
Test: [7200/167]	 Time: 0.771	 Loss: 0.60559911 ( 0.48274162)	Bal_acc: 90.06775349 preci: 0.88064 (0.91393) rec: 0.41389(0.44499) f1: 0.54860 (0.58151)
