## SLURM PROLOG ###############################################################
##    Job ID : 3909338
##  Job Name : pathtracker_mot
##  Nodelist : gpu2007
##      CPUs : 1
##  Mem/Node : 30720 MB
## Directory : /gpfs/data/tserre/aarjun1/pathtracker/mot/InT-Models-main
##   Started : Wed Feb  2 12:58:11 EST 2022
###############################################################################
Tensorflow version 2.7.0
Failed to import slowfast.
Failed to import spatial sampler.
Found dataset: /users/aarjun1/scratch/pathtracker_data/mot/tfrecords_32/
Loading training dataset
Loading validation dataset
Init model ffhgru multi full bptt penalty:  False
107856
Loading parallel finished on GPU count: 4
Including parameters ['module.bn.weight', 'module.bn.bias', 'module.preproc.weight', 'module.preproc.bias', 'module.unit1.w_exc', 'module.unit1.w_inh', 'module.unit1.alpha', 'module.unit1.mu', 'module.unit1.gamma', 'module.unit1.kappa', 'module.unit1.w', 'module.unit1.a_w_gate.weight', 'module.unit1.a_w_gate.bias', 'module.unit1.a_u_gate.weight', 'module.unit1.a_u_gate.bias', 'module.unit1.i_w_gate.weight', 'module.unit1.i_w_gate.bias', 'module.unit1.i_u_gate.weight', 'module.unit1.i_u_gate.bias', 'module.unit1.e_w_gate.weight', 'module.unit1.e_w_gate.bias', 'module.unit1.e_u_gate.weight', 'module.unit1.e_u_gate.bias', 'module.unit1.bn.0.weight', 'module.unit1.bn.0.bias', 'module.unit1.bn.1.weight', 'module.unit1.bn.1.bias', 'module.readout_conv_list.0.weight', 'module.readout_conv_list.0.bias', 'module.readout_conv_list.1.weight', 'module.readout_conv_list.1.bias', 'module.readout_conv_list.2.weight', 'module.readout_conv_list.2.bias', 'module.readout_conv_list.3.weight', 'module.readout_conv_list.3.bias', 'module.readout_conv_list.4.weight', 'module.readout_conv_list.4.bias', 'module.readout_conv_list.5.weight', 'module.readout_conv_list.5.bias', 'module.readout_conv_list.6.weight', 'module.readout_conv_list.6.bias', 'module.readout_conv_list.7.weight', 'module.readout_conv_list.7.bias', 'module.target_conv_list.0.weight', 'module.target_conv_list.0.bias', 'module.target_conv_list.1.weight', 'module.target_conv_list.1.bias', 'module.target_conv_list.2.weight', 'module.target_conv_list.2.bias', 'module.target_conv_list.3.weight', 'module.target_conv_list.3.bias', 'module.target_conv_list.4.weight', 'module.target_conv_list.4.bias', 'module.target_conv_list.5.weight', 'module.target_conv_list.5.bias', 'module.target_conv_list.6.weight', 'module.target_conv_list.6.bias', 'module.target_conv_list.7.weight', 'module.target_conv_list.7.bias', 'module.readout_dense_list.0.weight', 'module.readout_dense_list.0.bias', 'module.readout_dense_list.1.weight', 'module.readout_dense_list.1.bias', 'module.readout_dense_list.2.weight', 'module.readout_dense_list.2.bias', 'module.readout_dense_list.3.weight', 'module.readout_dense_list.3.bias', 'module.readout_dense_list.4.weight', 'module.readout_dense_list.4.bias', 'module.readout_dense_list.5.weight', 'module.readout_dense_list.5.bias', 'module.readout_dense_list.6.weight', 'module.readout_dense_list.6.bias', 'module.readout_dense_list.7.weight', 'module.readout_dense_list.7.bias']
Epoch: [0][0/500]  lr: 0.0003  Time: 14.817 (itavg:14.817) (14.817)  Data: 0.592 (0.592) Loss: 5.68792486 (5.68792486) (5.68792486)  bal_acc: 48.40278 (48.40278) preci: 0.48403 (0.48403) rec: 0.48403 (0.48403) f1: 0.48403 (0.48403) jvpen: 1.000000000000 14.817 losscale:1.00000
Epoch: [0][20/500]  lr: 0.0003  Time: 1.547 (itavg:1.619) (2.248)  Data: 0.055 (0.085) Loss: 5.60985947 (5.65675967) (5.65824372)  bal_acc: 49.37500 (47.63228) preci: 0.49375 (0.47632) rec: 0.49375 (0.47632) f1: 0.49375 (0.47632) jvpen: 1.000000000000 47.203 losscale:1.00000
Epoch: [0][40/500]  lr: 0.0003  Time: 1.536 (itavg:1.552) (1.908)  Data: 0.043 (0.071) Loss: 5.50280666 (5.57086322) (5.61561909)  bal_acc: 48.95834 (47.38144) preci: 0.48958 (0.47381) rec: 0.48958 (0.47381) f1: 0.48958 (0.47381) jvpen: 1.000000000000 78.239 losscale:1.00000
Epoch: [0][60/500]  lr: 0.0003  Time: 1.537 (itavg:1.550) (1.791)  Data: 0.051 (0.066) Loss: 5.38352394 (5.45236113) (5.56209189)  bal_acc: 46.94444 (47.48976) preci: 0.46944 (0.47490) rec: 0.46944 (0.47490) f1: 0.46944 (0.47490) jvpen: 1.000000000000 109.236 losscale:1.00000
Epoch: [0][80/500]  lr: 0.0003  Time: 1.540 (itavg:1.551) (1.731)  Data: 0.050 (0.062) Loss: 5.21700191 (5.29653795) (5.49652302)  bal_acc: 49.02778 (48.76372) preci: 0.49028 (0.48764) rec: 0.49028 (0.48764) f1: 0.49028 (0.48764) jvpen: 1.000000000000 140.247 losscale:1.00000
Epoch: [0][100/500]  lr: 0.0003  Time: 1.555 (itavg:1.550) (1.696)  Data: 0.049 (0.060) Loss: 4.97059822 (5.09875786) (5.41775764)  bal_acc: 55.20834 (49.90855) preci: 0.55208 (0.49909) rec: 0.55208 (0.49909) f1: 0.55208 (0.49909) jvpen: 1.000000000000 171.249 losscale:1.00000
Epoch: [0][120/500]  lr: 0.0003  Time: 1.545 (itavg:1.552) (1.672)  Data: 0.051 (0.059) Loss: 4.86489916 (4.91726251) (5.33503117)  bal_acc: 52.98611 (50.67551) preci: 0.52986 (0.50676) rec: 0.52986 (0.50676) f1: 0.52986 (0.50676) jvpen: 1.000000000000 202.286 losscale:1.00000
Epoch: [0][140/500]  lr: 0.0003  Time: 1.537 (itavg:1.553) (1.655)  Data: 0.052 (0.058) Loss: 4.60150003 (4.75010538) (5.25206297)  bal_acc: 64.44445 (52.32614) preci: 0.64444 (0.52326) rec: 0.64444 (0.52326) f1: 0.64444 (0.52326) jvpen: 1.000000000000 233.344 losscale:1.00000
Epoch: [0][160/500]  lr: 0.0003  Time: 1.558 (itavg:1.549) (1.642)  Data: 0.049 (0.057) Loss: 4.50494480 (4.62223101) (5.17382298)  bal_acc: 72.15278 (54.48413) preci: 0.72153 (0.54484) rec: 0.72153 (0.54484) f1: 0.72153 (0.54484) jvpen: 1.000000000000 264.332 losscale:1.00000
Epoch: [0][180/500]  lr: 0.0003  Time: 1.552 (itavg:1.548) (1.631)  Data: 0.050 (0.057) Loss: 4.48439217 (4.54061887) (5.10385567)  bal_acc: 72.91667 (56.31254) preci: 0.72917 (0.56313) rec: 0.72917 (0.56313) f1: 0.72917 (0.56313) jvpen: 1.000000000000 295.283 losscale:1.00000
Epoch: [0][200/500]  lr: 0.0003  Time: 1.550 (itavg:1.550) (1.623)  Data: 0.055 (0.056) Loss: 4.34893751 (4.47016509) (5.04080188)  bal_acc: 70.69444 (57.70661) preci: 0.70694 (0.57707) rec: 0.70694 (0.57707) f1: 0.70694 (0.57707) jvpen: 1.000000000000 326.281 losscale:1.00000
Epoch: [0][220/500]  lr: 0.0003  Time: 1.545 (itavg:1.547) (1.616)  Data: 0.049 (0.056) Loss: 4.40775013 (4.43419952) (4.98590574)  bal_acc: 71.11111 (58.89486) preci: 0.71111 (0.58895) rec: 0.71111 (0.58895) f1: 0.71111 (0.58895) jvpen: 1.000000000000 357.230 losscale:1.00000
Epoch: [0][240/500]  lr: 0.0003  Time: 1.545 (itavg:1.549) (1.611)  Data: 0.051 (0.055) Loss: 4.44055557 (4.42874148) (4.93966804)  bal_acc: 70.76389 (59.87235) preci: 0.70764 (0.59872) rec: 0.70764 (0.59872) f1: 0.70764 (0.59872) jvpen: 1.000000000000 388.208 losscale:1.00000
Epoch: [0][260/500]  lr: 0.0003  Time: 1.545 (itavg:1.546) (1.606)  Data: 0.049 (0.055) Loss: 4.54158688 (4.41011462) (4.89908924)  bal_acc: 71.11111 (60.71201) preci: 0.71111 (0.60712) rec: 0.71111 (0.60712) f1: 0.71111 (0.60712) jvpen: 1.000000000000 419.130 losscale:1.00000
Epoch: [0][280/500]  lr: 0.0003  Time: 1.565 (itavg:1.548) (1.602)  Data: 0.050 (0.055) Loss: 4.43568563 (4.43481040) (4.86604448)  bal_acc: 71.04167 (61.44548) preci: 0.71042 (0.61445) rec: 0.71042 (0.61445) f1: 0.71042 (0.61445) jvpen: 1.000000000000 450.085 losscale:1.00000
Epoch: [0][300/500]  lr: 0.0003  Time: 1.533 (itavg:1.547) (1.598)  Data: 0.046 (0.055) Loss: 4.63436222 (4.46116650) (4.83914229)  bal_acc: 68.33333 (62.03650) preci: 0.68333 (0.62036) rec: 0.68333 (0.62036) f1: 0.68333 (0.62036) jvpen: 1.000000000000 481.018 losscale:1.00000
Epoch: [0][320/500]  lr: 0.0003  Time: 1.547 (itavg:1.548) (1.595)  Data: 0.029 (0.054) Loss: 4.54971504 (4.40423405) (4.81204520)  bal_acc: 70.97223 (62.59151) preci: 0.70972 (0.62592) rec: 0.70972 (0.62592) f1: 0.70972 (0.62592) jvpen: 1.000000000000 511.976 losscale:1.00000
Epoch: [0][340/500]  lr: 0.0003  Time: 1.550 (itavg:1.550) (1.592)  Data: 0.049 (0.054) Loss: 4.13420010 (4.35496523) (4.78523699)  bal_acc: 72.50001 (63.07755) preci: 0.72500 (0.63078) rec: 0.72500 (0.63078) f1: 0.72500 (0.63078) jvpen: 1.000000000000 542.980 losscale:1.00000
Epoch: [0][360/500]  lr: 0.0003  Time: 1.544 (itavg:1.548) (1.590)  Data: 0.050 (0.054) Loss: 4.53598118 (4.35726826) (4.76152681)  bal_acc: 70.34722 (63.52628) preci: 0.70347 (0.63526) rec: 0.70347 (0.63526) f1: 0.70347 (0.63526) jvpen: 1.000000000000 573.938 losscale:1.00000
Epoch: [0][380/500]  lr: 0.0003  Time: 1.545 (itavg:1.554) (1.588)  Data: 0.045 (0.054) Loss: 4.38164663 (4.38746529) (4.74189104)  bal_acc: 71.87500 (63.90949) preci: 0.71875 (0.63909) rec: 0.71875 (0.63909) f1: 0.71875 (0.63909) jvpen: 1.000000000000 605.017 losscale:1.00000
Epoch: [0][400/500]  lr: 0.0003  Time: 1.564 (itavg:1.549) (1.586)  Data: 0.049 (0.054) Loss: 4.31427956 (4.43285058) (4.72647755)  bal_acc: 71.11111 (64.24633) preci: 0.71111 (0.64246) rec: 0.71111 (0.64246) f1: 0.71111 (0.64246) jvpen: 1.000000000000 636.004 losscale:1.00000
Epoch: [0][420/500]  lr: 0.0003  Time: 1.541 (itavg:1.546) (1.584)  Data: 0.049 (0.054) Loss: 4.39786530 (4.42085044) (4.71195845)  bal_acc: 71.45834 (64.55694) preci: 0.71458 (0.64557) rec: 0.71458 (0.64557) f1: 0.71458 (0.64557) jvpen: 1.000000000000 666.922 losscale:1.00000
Epoch: [0][440/500]  lr: 0.0003  Time: 1.539 (itavg:1.551) (1.583)  Data: 0.043 (0.054) Loss: 4.51384115 (4.41233230) (4.69836996)  bal_acc: 69.16667 (64.84064) preci: 0.69167 (0.64841) rec: 0.69167 (0.64841) f1: 0.69167 (0.64841) jvpen: 1.000000000000 697.935 losscale:1.00000
Epoch: [0][460/500]  lr: 0.0003  Time: 1.557 (itavg:1.550) (1.581)  Data: 0.046 (0.054) Loss: 4.48316717 (4.36214991) (4.68378341)  bal_acc: 70.48611 (65.12187) preci: 0.70486 (0.65122) rec: 0.70486 (0.65122) f1: 0.70486 (0.65122) jvpen: 1.000000000000 728.928 losscale:1.00000
Epoch: [0][480/500]  lr: 0.0003  Time: 1.554 (itavg:1.547) (1.580)  Data: 0.041 (0.053) Loss: 4.56815624 (4.41880276) (4.67276550)  bal_acc: 70.34722 (65.35661) preci: 0.70347 (0.65357) rec: 0.70347 (0.65357) f1: 0.70347 (0.65357) jvpen: 1.000000000000 759.875 losscale:1.00000
0
