## SLURM PROLOG ###############################################################
##    Job ID : 3771521
##  Job Name : pathtracker_mot
##  Nodelist : gpu2004
##      CPUs : 1
##  Mem/Node : 30720 MB
## Directory : /gpfs/data/tserre/aarjun1/pathtracker/mot/InT-Models-main
##   Started : Sat Jan  8 12:41:46 EST 2022
###############################################################################
Tensorflow version 2.7.0
Failed to import slowfast.
Failed to import spatial sampler.
Found dataset: /users/aarjun1/scratch/pathtracker_data/mot/tfrecords/
Loading training dataset
Loading validation dataset
Init model ffhgru multi full bptt penalty:  False
107340
Loading parallel finished on GPU count: 4
Including parameters ['module.bn.weight', 'module.bn.bias', 'module.preproc.weight', 'module.preproc.bias', 'module.unit1.w_exc', 'module.unit1.w_inh', 'module.unit1.alpha', 'module.unit1.mu', 'module.unit1.gamma', 'module.unit1.kappa', 'module.unit1.w', 'module.unit1.a_w_gate.weight', 'module.unit1.a_w_gate.bias', 'module.unit1.a_u_gate.weight', 'module.unit1.a_u_gate.bias', 'module.unit1.i_w_gate.weight', 'module.unit1.i_w_gate.bias', 'module.unit1.i_u_gate.weight', 'module.unit1.i_u_gate.bias', 'module.unit1.e_w_gate.weight', 'module.unit1.e_w_gate.bias', 'module.unit1.e_u_gate.weight', 'module.unit1.e_u_gate.bias', 'module.unit1.bn.0.weight', 'module.unit1.bn.0.bias', 'module.unit1.bn.1.weight', 'module.unit1.bn.1.bias', 'module.readout_conv_1.weight', 'module.readout_conv_1.bias', 'module.target_conv_1.weight', 'module.target_conv_1.bias', 'module.readout_dense_1.weight', 'module.readout_dense_1.bias', 'module.readout_conv_2.weight', 'module.readout_conv_2.bias', 'module.target_conv_2.weight', 'module.target_conv_2.bias', 'module.readout_dense_2.weight', 'module.readout_dense_2.bias']
Epoch: [0][0/167]  lr: 0.0003  Time: 14.816 (itavg:14.816) (14.816)  Data: 0.579 (0.579) Loss: 1.38466358 (1.38466358) (1.38466358)  bal_acc: 66.38889 (66.38889) preci: 0.34167 (0.34167) rec: 0.34167 (0.34167)  f1: 0.34167 (0.34167) jvpen: 1.000000000000 14.816 losscale:1.00000
Epoch: [0][20/167]  lr: 0.0003  Time: 1.479 (itavg:1.542) (2.174)  Data: 0.064 (0.095) Loss: 1.37777221 (1.39405462) (1.39360742)  bal_acc: 66.11111 (66.34921) preci: 0.34167 (0.33611) rec: 0.34167 (0.33611)  f1: 0.34167 (0.33611) jvpen: 1.000000000000 30.833 losscale:1.00000
Epoch: [0][40/167]  lr: 0.0003  Time: 1.472 (itavg:1.483) (1.837)  Data: 0.062 (0.079) Loss: 1.43155384 (1.39190508) (1.39277701)  bal_acc: 63.05556 (66.65989) preci: 0.30278 (0.33598) rec: 0.30278 (0.33598)  f1: 0.30278 (0.33598) jvpen: 1.000000000000 29.667 losscale:1.00000
Epoch: [0][60/167]  lr: 0.0003  Time: 1.470 (itavg:1.483) (1.721)  Data: 0.056 (0.073) Loss: 1.36784184 (1.38185192) (1.38919501)  bal_acc: 68.33334 (66.63479) preci: 0.34167 (0.33529) rec: 0.34167 (0.33529)  f1: 0.34167 (0.33529) jvpen: 1.000000000000 29.656 losscale:1.00000
Epoch: [0][80/167]  lr: 0.0003  Time: 1.474 (itavg:1.484) (1.662)  Data: 0.055 (0.069) Loss: 1.31036210 (1.35744659) (1.38135590)  bal_acc: 66.11111 (66.67353) preci: 0.35833 (0.33594) rec: 0.35833 (0.33594)  f1: 0.35833 (0.33594) jvpen: 1.000000000000 29.680 losscale:1.00000
Epoch: [0][100/167]  lr: 0.0003  Time: 1.500 (itavg:1.487) (1.628)  Data: 0.045 (0.067) Loss: 1.33553910 (1.35188061) (1.37551921)  bal_acc: 66.66667 (66.66117) preci: 0.32778 (0.33402) rec: 0.32778 (0.33402)  f1: 0.32778 (0.33402) jvpen: 1.000000000000 29.745 losscale:1.00000
Epoch: [0][120/167]  lr: 0.0003  Time: 1.479 (itavg:1.488) (1.605)  Data: 0.076 (0.065) Loss: 1.30088496 (1.31532199) (1.36556925)  bal_acc: 67.77779 (66.70110) preci: 0.33056 (0.33370) rec: 0.33056 (0.33370)  f1: 0.33056 (0.33370) jvpen: 1.000000000000 29.770 losscale:1.00000
Epoch: [0][140/167]  lr: 0.0003  Time: 1.474 (itavg:1.485) (1.588)  Data: 0.045 (0.064) Loss: 1.24771070 (1.29397854) (1.35541454)  bal_acc: 69.16667 (66.71592) preci: 0.36389 (0.33318) rec: 0.36389 (0.33318)  f1: 0.36389 (0.33318) jvpen: 1.000000000000 29.705 losscale:1.00000
Epoch: [0][160/167]  lr: 0.0003  Time: 1.483 (itavg:1.482) (1.575)  Data: 0.020 (0.062) Loss: 1.29141021 (1.28389655) (1.34653032)  bal_acc: 65.83334 (66.64769) preci: 0.31389 (0.33339) rec: 0.31389 (0.33339)  f1: 0.31389 (0.33339) jvpen: 1.000000000000 29.636 losscale:1.00000
0
Test: [0/167]	 Time: 1.242	 Loss: 1.29691100 ( 1.29691100)	Bal_acc: 65.55555725 preci: 0.30000 (0.30000) rec: 0.30000(0.30000) f1: 0.30000 (0.30000)
Test: [3600/167]	 Time: 0.767	 Loss: 1.27846301 ( 1.27825463)	Bal_acc: 66.33598182 preci: 0.33333 (0.33611) rec: 0.33333(0.33611) f1: 0.33333 (0.33611)
Test: [7200/167]	 Time: 0.755	 Loss: 1.24640799 ( 1.27587754)	Bal_acc: 66.53116803 preci: 0.33889 (0.33699) rec: 0.33889(0.33699) f1: 0.33889 (0.33699)
Test: [10800/167]	 Time: 0.750	 Loss: 1.28912842 ( 1.27571331)	Bal_acc: 66.57104073 preci: 0.32778 (0.33597) rec: 0.32778(0.33597) f1: 0.32778 (0.33597)
Test: [14400/167]	 Time: 0.747	 Loss: 1.29602933 ( 1.27534167)	Bal_acc: 66.64266346 preci: 0.32500 (0.33450) rec: 0.32500(0.33450) f1: 0.32500 (0.33450)
Test: [18000/167]	 Time: 0.745	 Loss: 1.26006007 ( 1.27387311)	Bal_acc: 66.76017871 preci: 0.34444 (0.33515) rec: 0.34444(0.33515) f1: 0.34444 (0.33515)
Test: [21600/167]	 Time: 0.745	 Loss: 1.29160547 ( 1.27450949)	Bal_acc: 66.71487890 preci: 0.30833 (0.33464) rec: 0.30833(0.33464) f1: 0.30833 (0.33464)
Test: [25200/167]	 Time: 0.744	 Loss: 1.28287172 ( 1.27483414)	Bal_acc: 66.69031008 preci: 0.35000 (0.33444) rec: 0.35000(0.33444) f1: 0.35000 (0.33444)
Test: [28800/167]	 Time: 0.742	 Loss: 1.26702166 ( 1.27506166)	Bal_acc: 66.69600000 preci: 0.34167 (0.33340) rec: 0.34167(0.33340) f1: 0.34167 (0.33340)
val f 0.3334170005407678 val loss 1.275176947375378 val acc 66.68507638035051
Epoch: [1][0/167]  lr: 0.0003  Time: 6.117 (itavg:6.117) (6.117)  Data: 0.569 (0.569) Loss: 1.27159488 (1.27159488) (1.27159488)  bal_acc: 66.94445 (66.94445) preci: 0.33611 (0.33611) rec: 0.33611 (0.33611)  f1: 0.33611 (0.33611) jvpen: 1.000000000000 6.117 losscale:1.00000
Epoch: [1][20/167]  lr: 0.0003  Time: 1.491 (itavg:1.493) (1.713)  Data: 0.046 (0.092) Loss: 1.27663851 (1.27642763) (1.27619750)  bal_acc: 66.38889 (66.48148) preci: 0.33611 (0.33479) rec: 0.33611 (0.33479)  f1: 0.33611 (0.33479) jvpen: 1.000000000000 29.856 losscale:1.00000
Epoch: [1][40/167]  lr: 0.0003  Time: 1.494 (itavg:1.484) (1.601)  Data: 0.042 (0.073) Loss: 1.29390550 (1.26696923) (1.27169590)  bal_acc: 65.27778 (66.78862) preci: 0.31389 (0.33692) rec: 0.31389 (0.33692)  f1: 0.31389 (0.33692) jvpen: 1.000000000000 29.680 losscale:1.00000
Epoch: [1][60/167]  lr: 0.0003  Time: 1.486 (itavg:1.488) (1.564)  Data: 0.057 (0.067) Loss: 1.27772224 (1.28017098) (1.27447461)  bal_acc: 66.38889 (66.58470) preci: 0.32500 (0.33511) rec: 0.32500 (0.33511)  f1: 0.32500 (0.33511) jvpen: 1.000000000000 29.751 losscale:1.00000
Epoch: [1][80/167]  lr: 0.0003  Time: 1.481 (itavg:1.484) (1.544)  Data: 0.054 (0.066) Loss: 1.29034662 (1.27045674) (1.27348255)  bal_acc: 65.55556 (66.64952) preci: 0.30833 (0.33570) rec: 0.30833 (0.33570)  f1: 0.30833 (0.33570) jvpen: 1.000000000000 29.672 losscale:1.00000
Epoch: [1][100/167]  lr: 0.0003  Time: 1.484 (itavg:1.485) (1.532)  Data: 0.041 (0.063) Loss: 1.24946547 (1.27451607) (1.27368721)  bal_acc: 68.33334 (66.63642) preci: 0.33056 (0.33375) rec: 0.33056 (0.33375)  f1: 0.33056 (0.33375) jvpen: 1.000000000000 29.694 losscale:1.00000
Epoch: [1][120/167]  lr: 0.0003  Time: 1.479 (itavg:1.488) (1.525)  Data: 0.060 (0.062) Loss: 1.25530481 (1.27046345) (1.27315435)  bal_acc: 67.77778 (66.67126) preci: 0.31389 (0.33340) rec: 0.31389 (0.33340)  f1: 0.31389 (0.33340) jvpen: 1.000000000000 29.763 losscale:1.00000
Epoch: [1][140/167]  lr: 0.0003  Time: 1.470 (itavg:1.486) (1.520)  Data: 0.063 (0.061) Loss: 1.24527597 (1.27099668) (1.27284830)  bal_acc: 68.61111 (66.68834) preci: 0.33611 (0.33282) rec: 0.33611 (0.33282)  f1: 0.33611 (0.33282) jvpen: 1.000000000000 29.719 losscale:1.00000
Epoch: [1][160/167]  lr: 0.0003  Time: 1.486 (itavg:1.485) (1.515)  Data: 0.021 (0.060) Loss: 1.28901541 (1.27737105) (1.27341013)  bal_acc: 65.55556 (66.65114) preci: 0.33333 (0.33292) rec: 0.33333 (0.33292)  f1: 0.33333 (0.33292) jvpen: 1.000000000000 29.695 losscale:1.00000
1
Test: [0/167]	 Time: 1.224	 Loss: 1.30057311 ( 1.30057311)	Bal_acc: 64.72222137 preci: 0.34167 (0.34167) rec: 0.34167(0.34167) f1: 0.34167 (0.34167)
Test: [3600/167]	 Time: 0.772	 Loss: 1.26165318 ( 1.27580842)	Bal_acc: 66.48148273 preci: 0.33889 (0.33717) rec: 0.33889(0.33717) f1: 0.33889 (0.33717)
Test: [7200/167]	 Time: 0.755	 Loss: 1.25764084 ( 1.27423384)	Bal_acc: 66.59214280 preci: 0.33611 (0.33625) rec: 0.33611(0.33625) f1: 0.33611 (0.33625)
Test: [10800/167]	 Time: 0.751	 Loss: 1.24194527 ( 1.27305236)	Bal_acc: 66.67577625 preci: 0.33333 (0.33625) rec: 0.33333(0.33625) f1: 0.33333 (0.33625)
Test: [14400/167]	 Time: 0.748	 Loss: 1.26156306 ( 1.27306647)	Bal_acc: 66.67009848 preci: 0.33611 (0.33464) rec: 0.33611(0.33464) f1: 0.33611 (0.33464)
Test: [18000/167]	 Time: 0.746	 Loss: 1.25375152 ( 1.27113415)	Bal_acc: 66.80968354 preci: 0.33333 (0.33504) rec: 0.33333(0.33504) f1: 0.33333 (0.33504)
Test: [21600/167]	 Time: 0.745	 Loss: 1.28425193 ( 1.27144783)	Bal_acc: 66.78604492 preci: 0.32222 (0.33466) rec: 0.32222(0.33466) f1: 0.32222 (0.33466)
Test: [25200/167]	 Time: 0.744	 Loss: 1.24204707 ( 1.27258223)	Bal_acc: 66.70410043 preci: 0.33611 (0.33446) rec: 0.33611(0.33446) f1: 0.33611 (0.33446)
Test: [28800/167]	 Time: 0.743	 Loss: 1.29881358 ( 1.27346396)	Bal_acc: 66.63733882 preci: 0.29444 (0.33318) rec: 0.29444(0.33318) f1: 0.29444 (0.33318)
val f 0.3332329304462456 val loss 1.273101826748216 val acc 66.6633226325713
EarlyStopping counter: 1 out of 500
Epoch: [2][0/167]  lr: 0.0003  Time: 6.152 (itavg:6.152) (6.152)  Data: 0.572 (0.572) Loss: 1.26159835 (1.26159835) (1.26159835)  bal_acc: 67.50000 (67.50000) preci: 0.33889 (0.33889) rec: 0.33889 (0.33889)  f1: 0.33889 (0.33889) jvpen: 1.000000000000 6.152 losscale:1.00000
Epoch: [2][20/167]  lr: 0.0003  Time: 1.478 (itavg:1.490) (1.712)  Data: 0.061 (0.098) Loss: 1.28463292 (1.27558492) (1.27491889)  bal_acc: 65.83334 (66.53439) preci: 0.32778 (0.33439) rec: 0.32778 (0.33439)  f1: 0.32778 (0.33439) jvpen: 1.000000000000 29.803 losscale:1.00000
Epoch: [2][40/167]  lr: 0.0003  Time: 1.471 (itavg:1.486) (1.602)  Data: 0.041 (0.077) Loss: 1.28551912 (1.27147977) (1.27324127)  bal_acc: 65.83334 (66.65312) preci: 0.31944 (0.33523) rec: 0.31944 (0.33523)  f1: 0.31944 (0.33523) jvpen: 1.000000000000 29.725 losscale:1.00000
Epoch: [2][60/167]  lr: 0.0003  Time: 1.479 (itavg:1.485) (1.564)  Data: 0.043 (0.070) Loss: 1.26583731 (1.27168037) (1.27272950)  bal_acc: 67.22223 (66.68488) preci: 0.33333 (0.33607) rec: 0.33333 (0.33607)  f1: 0.33333 (0.33607) jvpen: 1.000000000000 29.706 losscale:1.00000
Epoch: [2][80/167]  lr: 0.0003  Time: 1.478 (itavg:1.486) (1.544)  Data: 0.058 (0.067) Loss: 1.29373491 (1.27646235) (1.27365119)  bal_acc: 65.27778 (66.62209) preci: 0.31111 (0.33508) rec: 0.31111 (0.33508)  f1: 0.31111 (0.33508) jvpen: 1.000000000000 29.716 losscale:1.00000
Epoch: [2][100/167]  lr: 0.0003  Time: 1.466 (itavg:1.486) (1.533)  Data: 0.057 (0.065) Loss: 1.25741589 (1.27380449) (1.27368155)  bal_acc: 67.77778 (66.62266) preci: 0.32778 (0.33405) rec: 0.32778 (0.33405)  f1: 0.32778 (0.33405) jvpen: 1.000000000000 29.717 losscale:1.00000
Epoch: [2][120/167]  lr: 0.0003  Time: 1.472 (itavg:1.485) (1.525)  Data: 0.049 (0.062) Loss: 1.29261661 (1.26999345) (1.27307194)  bal_acc: 65.27778 (66.66437) preci: 0.32500 (0.33338) rec: 0.32500 (0.33338)  f1: 0.32500 (0.33338) jvpen: 1.000000000000 29.696 losscale:1.00000
