## SLURM PROLOG ###############################################################
##    Job ID : 3915760
##  Job Name : pathtracker_mot
##  Nodelist : gpu2007
##      CPUs : 1
##  Mem/Node : 30720 MB
## Directory : /gpfs/data/tserre/aarjun1/pathtracker/mot/InT-Models-main
##   Started : Thu Feb  3 08:19:05 EST 2022
###############################################################################
Tensorflow version 2.7.0
Failed to import slowfast.
Failed to import spatial sampler.
Found dataset: /users/aarjun1/scratch/pathtracker_data/mot/tfrecords_32/
Loading training dataset
DATASET :  /users/aarjun1/scratch/pathtracker_data/mot/tfrecords_32/train-*  : 
 ['/users/aarjun1/scratch/pathtracker_data/mot/tfrecords_32/train-batch_0--00005-of-00040', '/users/aarjun1/scratch/pathtracker_data/mot/tfrecords_32/train-batch_0--00002-of-00040', '/users/aarjun1/scratch/pathtracker_data/mot/tfrecords_32/train-batch_0--00029-of-00040', '/users/aarjun1/scratch/pathtracker_data/mot/tfrecords_32/train-batch_0--00010-of-00040', '/users/aarjun1/scratch/pathtracker_data/mot/tfrecords_32/train-batch_0--00032-of-00040', '/users/aarjun1/scratch/pathtracker_data/mot/tfrecords_32/train-batch_0--00030-of-00040', '/users/aarjun1/scratch/pathtracker_data/mot/tfrecords_32/train-batch_0--00007-of-00040', '/users/aarjun1/scratch/pathtracker_data/mot/tfrecords_32/train-batch_0--00024-of-00040', '/users/aarjun1/scratch/pathtracker_data/mot/tfrecords_32/train-batch_0--00012-of-00040', '/users/aarjun1/scratch/pathtracker_data/mot/tfrecords_32/train-batch_0--00038-of-00040', '/users/aarjun1/scratch/pathtracker_data/mot/tfrecords_32/train-batch_0--00036-of-00040', '/users/aarjun1/scratch/pathtracker_data/mot/tfrecords_32/train-batch_0--00037-of-00040', '/users/aarjun1/scratch/pathtracker_data/mot/tfrecords_32/train-batch_0--00009-of-00040', '/users/aarjun1/scratch/pathtracker_data/mot/tfrecords_32/train-batch_0--00035-of-00040', '/users/aarjun1/scratch/pathtracker_data/mot/tfrecords_32/train-batch_0--00027-of-00040', '/users/aarjun1/scratch/pathtracker_data/mot/tfrecords_32/train-batch_0--00021-of-00040', '/users/aarjun1/scratch/pathtracker_data/mot/tfrecords_32/train-batch_0--00019-of-00040', '/users/aarjun1/scratch/pathtracker_data/mot/tfrecords_32/train-batch_0--00003-of-00040', '/users/aarjun1/scratch/pathtracker_data/mot/tfrecords_32/train-batch_0--00017-of-00040', '/users/aarjun1/scratch/pathtracker_data/mot/tfrecords_32/train-batch_0--00014-of-00040', '/users/aarjun1/scratch/pathtracker_data/mot/tfrecords_32/train-batch_0--00016-of-00040', '/users/aarjun1/scratch/pathtracker_data/mot/tfrecords_32/train-batch_0--00006-of-00040', '/users/aarjun1/scratch/pathtracker_data/mot/tfrecords_32/train-batch_0--00011-of-00040', '/users/aarjun1/scratch/pathtracker_data/mot/tfrecords_32/train-batch_0--00028-of-00040', '/users/aarjun1/scratch/pathtracker_data/mot/tfrecords_32/train-batch_0--00015-of-00040', '/users/aarjun1/scratch/pathtracker_data/mot/tfrecords_32/train-batch_0--00008-of-00040', '/users/aarjun1/scratch/pathtracker_data/mot/tfrecords_32/train-batch_0--00025-of-00040', '/users/aarjun1/scratch/pathtracker_data/mot/tfrecords_32/train-batch_0--00000-of-00040', '/users/aarjun1/scratch/pathtracker_data/mot/tfrecords_32/train-batch_0--00039-of-00040', '/users/aarjun1/scratch/pathtracker_data/mot/tfrecords_32/train-batch_0--00022-of-00040', '/users/aarjun1/scratch/pathtracker_data/mot/tfrecords_32/train-batch_0--00004-of-00040', '/users/aarjun1/scratch/pathtracker_data/mot/tfrecords_32/train-batch_0--00033-of-00040', '/users/aarjun1/scratch/pathtracker_data/mot/tfrecords_32/train-batch_0--00026-of-00040', '/users/aarjun1/scratch/pathtracker_data/mot/tfrecords_32/train-batch_0--00020-of-00040', '/users/aarjun1/scratch/pathtracker_data/mot/tfrecords_32/train-batch_0--00023-of-00040', '/users/aarjun1/scratch/pathtracker_data/mot/tfrecords_32/train-batch_0--00013-of-00040', '/users/aarjun1/scratch/pathtracker_data/mot/tfrecords_32/train-batch_0--00034-of-00040', '/users/aarjun1/scratch/pathtracker_data/mot/tfrecords_32/train-batch_0--00001-of-00040', '/users/aarjun1/scratch/pathtracker_data/mot/tfrecords_32/train-batch_0--00031-of-00040', '/users/aarjun1/scratch/pathtracker_data/mot/tfrecords_32/train-batch_0--00018-of-00040']
Loading validation dataset
DATASET :  /users/aarjun1/scratch/pathtracker_data/mot/tfrecords_32/test-*  : 
 ['/users/aarjun1/scratch/pathtracker_data/mot/tfrecords_32/test-batch_5--00005-of-00040', '/users/aarjun1/scratch/pathtracker_data/mot/tfrecords_32/test-batch_5--00016-of-00040', '/users/aarjun1/scratch/pathtracker_data/mot/tfrecords_32/test-batch_5--00029-of-00040', '/users/aarjun1/scratch/pathtracker_data/mot/tfrecords_32/test-batch_5--00037-of-00040', '/users/aarjun1/scratch/pathtracker_data/mot/tfrecords_32/test-batch_5--00013-of-00040', '/users/aarjun1/scratch/pathtracker_data/mot/tfrecords_32/test-batch_5--00018-of-00040', '/users/aarjun1/scratch/pathtracker_data/mot/tfrecords_32/test-batch_5--00000-of-00040', '/users/aarjun1/scratch/pathtracker_data/mot/tfrecords_32/test-batch_5--00035-of-00040', '/users/aarjun1/scratch/pathtracker_data/mot/tfrecords_32/test-batch_5--00026-of-00040', '/users/aarjun1/scratch/pathtracker_data/mot/tfrecords_32/test-batch_5--00023-of-00040', '/users/aarjun1/scratch/pathtracker_data/mot/tfrecords_32/test-batch_5--00017-of-00040', '/users/aarjun1/scratch/pathtracker_data/mot/tfrecords_32/test-batch_5--00033-of-00040', '/users/aarjun1/scratch/pathtracker_data/mot/tfrecords_32/test-batch_5--00014-of-00040', '/users/aarjun1/scratch/pathtracker_data/mot/tfrecords_32/test-batch_5--00001-of-00040', '/users/aarjun1/scratch/pathtracker_data/mot/tfrecords_32/test-batch_5--00038-of-00040', '/users/aarjun1/scratch/pathtracker_data/mot/tfrecords_32/test-batch_5--00007-of-00040', '/users/aarjun1/scratch/pathtracker_data/mot/tfrecords_32/test-batch_5--00039-of-00040', '/users/aarjun1/scratch/pathtracker_data/mot/tfrecords_32/test-batch_5--00028-of-00040', '/users/aarjun1/scratch/pathtracker_data/mot/tfrecords_32/test-batch_5--00032-of-00040', '/users/aarjun1/scratch/pathtracker_data/mot/tfrecords_32/test-batch_5--00020-of-00040', '/users/aarjun1/scratch/pathtracker_data/mot/tfrecords_32/test-batch_5--00003-of-00040', '/users/aarjun1/scratch/pathtracker_data/mot/tfrecords_32/test-batch_5--00015-of-00040', '/users/aarjun1/scratch/pathtracker_data/mot/tfrecords_32/test-batch_5--00031-of-00040', '/users/aarjun1/scratch/pathtracker_data/mot/tfrecords_32/test-batch_5--00021-of-00040', '/users/aarjun1/scratch/pathtracker_data/mot/tfrecords_32/test-batch_5--00008-of-00040', '/users/aarjun1/scratch/pathtracker_data/mot/tfrecords_32/test-batch_5--00024-of-00040', '/users/aarjun1/scratch/pathtracker_data/mot/tfrecords_32/test-batch_5--00022-of-00040', '/users/aarjun1/scratch/pathtracker_data/mot/tfrecords_32/test-batch_5--00019-of-00040', '/users/aarjun1/scratch/pathtracker_data/mot/tfrecords_32/test-batch_5--00030-of-00040', '/users/aarjun1/scratch/pathtracker_data/mot/tfrecords_32/test-batch_5--00002-of-00040', '/users/aarjun1/scratch/pathtracker_data/mot/tfrecords_32/test-batch_5--00036-of-00040', '/users/aarjun1/scratch/pathtracker_data/mot/tfrecords_32/test-batch_5--00009-of-00040', '/users/aarjun1/scratch/pathtracker_data/mot/tfrecords_32/test-batch_5--00034-of-00040', '/users/aarjun1/scratch/pathtracker_data/mot/tfrecords_32/test-batch_5--00011-of-00040', '/users/aarjun1/scratch/pathtracker_data/mot/tfrecords_32/test-batch_5--00004-of-00040', '/users/aarjun1/scratch/pathtracker_data/mot/tfrecords_32/test-batch_5--00027-of-00040', '/users/aarjun1/scratch/pathtracker_data/mot/tfrecords_32/test-batch_5--00012-of-00040', '/users/aarjun1/scratch/pathtracker_data/mot/tfrecords_32/test-batch_5--00006-of-00040', '/users/aarjun1/scratch/pathtracker_data/mot/tfrecords_32/test-batch_5--00025-of-00040', '/users/aarjun1/scratch/pathtracker_data/mot/tfrecords_32/test-batch_5--00010-of-00040']
Init model ffhgru multi full bptt penalty:  False
107856
Loading parallel finished on GPU count: 4
Including parameters ['module.bn.weight', 'module.bn.bias', 'module.preproc.weight', 'module.preproc.bias', 'module.unit1.w_exc', 'module.unit1.w_inh', 'module.unit1.alpha', 'module.unit1.mu', 'module.unit1.gamma', 'module.unit1.kappa', 'module.unit1.w', 'module.unit1.a_w_gate.weight', 'module.unit1.a_w_gate.bias', 'module.unit1.a_u_gate.weight', 'module.unit1.a_u_gate.bias', 'module.unit1.i_w_gate.weight', 'module.unit1.i_w_gate.bias', 'module.unit1.i_u_gate.weight', 'module.unit1.i_u_gate.bias', 'module.unit1.e_w_gate.weight', 'module.unit1.e_w_gate.bias', 'module.unit1.e_u_gate.weight', 'module.unit1.e_u_gate.bias', 'module.unit1.bn.0.weight', 'module.unit1.bn.0.bias', 'module.unit1.bn.1.weight', 'module.unit1.bn.1.bias', 'module.readout_conv_list.0.weight', 'module.readout_conv_list.0.bias', 'module.readout_conv_list.1.weight', 'module.readout_conv_list.1.bias', 'module.readout_conv_list.2.weight', 'module.readout_conv_list.2.bias', 'module.readout_conv_list.3.weight', 'module.readout_conv_list.3.bias', 'module.readout_conv_list.4.weight', 'module.readout_conv_list.4.bias', 'module.readout_conv_list.5.weight', 'module.readout_conv_list.5.bias', 'module.readout_conv_list.6.weight', 'module.readout_conv_list.6.bias', 'module.readout_conv_list.7.weight', 'module.readout_conv_list.7.bias', 'module.target_conv_list.0.weight', 'module.target_conv_list.0.bias', 'module.target_conv_list.1.weight', 'module.target_conv_list.1.bias', 'module.target_conv_list.2.weight', 'module.target_conv_list.2.bias', 'module.target_conv_list.3.weight', 'module.target_conv_list.3.bias', 'module.target_conv_list.4.weight', 'module.target_conv_list.4.bias', 'module.target_conv_list.5.weight', 'module.target_conv_list.5.bias', 'module.target_conv_list.6.weight', 'module.target_conv_list.6.bias', 'module.target_conv_list.7.weight', 'module.target_conv_list.7.bias', 'module.readout_dense_list.0.weight', 'module.readout_dense_list.0.bias', 'module.readout_dense_list.1.weight', 'module.readout_dense_list.1.bias', 'module.readout_dense_list.2.weight', 'module.readout_dense_list.2.bias', 'module.readout_dense_list.3.weight', 'module.readout_dense_list.3.bias', 'module.readout_dense_list.4.weight', 'module.readout_dense_list.4.bias', 'module.readout_dense_list.5.weight', 'module.readout_dense_list.5.bias', 'module.readout_dense_list.6.weight', 'module.readout_dense_list.6.bias', 'module.readout_dense_list.7.weight', 'module.readout_dense_list.7.bias']
Target :  tensor([3., 6., 5., 2., 6., 6., 6., 2., 3., 0., 7., 2., 3., 2., 6., 7., 4., 8.,
        0., 0., 8., 5., 8., 2., 3., 8., 1., 7., 4., 6., 3., 3., 8., 2., 7., 1.,
        8., 2., 4., 7., 7., 2., 0., 5., 6., 0., 7., 0., 0., 4., 8., 2., 6., 2.,
        3., 0., 8., 0., 7., 7., 1., 2., 7., 5., 0., 4., 0., 8., 7., 2., 5., 3.,
        4., 3., 5., 0., 3., 0., 3., 7., 8., 7., 6., 2., 5., 2., 8., 3., 2., 5.,
        1., 0., 3., 1., 7., 7., 7., 0., 6., 1., 5., 6., 0., 5., 1., 7., 7., 4.,
        3., 3., 4., 6., 3., 8., 0., 2., 6., 6., 6., 2., 7., 5., 2., 4., 0., 8.,
        6., 7., 2., 5., 3., 0., 4., 2., 4., 5., 7., 6., 2., 5., 5., 5., 8., 6.,
        7., 7., 8., 2., 0., 6., 4., 1., 6., 6., 5., 2., 2., 1., 8., 2., 7., 1.,
        6., 3., 2., 6., 0., 2., 3., 3., 5., 6., 0., 1., 7., 3., 0., 1., 8., 1.],
       device='cuda:0')
Binary Target :  tensor([1, 1, 1, 1, 1, 1, 1, 1, 1, 0, 1, 1, 1, 1, 1, 1, 1, 1, 0, 0, 1, 1, 1, 1,
        1, 1, 1, 1, 1, 1, 1, 1, 1, 1, 1, 1, 1, 1, 1, 1, 1, 1, 0, 1, 1, 0, 1, 0,
        0, 1, 1, 1, 1, 1, 1, 0, 1, 0, 1, 1, 1, 1, 1, 1, 0, 1, 0, 1, 1, 1, 1, 1,
        1, 1, 1, 0, 1, 0, 1, 1, 1, 1, 1, 1, 1, 1, 1, 1, 1, 1, 1, 0, 1, 1, 1, 1,
        1, 0, 1, 1, 1, 1, 0, 1, 1, 1, 1, 1, 1, 1, 1, 1, 1, 1, 0, 1, 1, 1, 1, 1,
        1, 1, 1, 1, 0, 1, 1, 1, 1, 1, 1, 0, 1, 1, 1, 1, 1, 1, 1, 1, 1, 1, 1, 1,
        1, 1, 1, 1, 0, 1, 1, 1, 1, 1, 1, 1, 1, 1, 1, 1, 1, 1, 1, 1, 1, 1, 0, 1,
        1, 1, 1, 1, 0, 1, 1, 1, 0, 1, 1, 1], device='cuda:0',
       dtype=torch.uint8)
Binary Predictions :  tensor([[2.2270],
        [2.1995],
        [3.2887],
        [2.3846],
        [3.3741],
        [1.9710],
        [2.3061],
        [1.9667],
        [1.6898],
        [1.9631],
        [2.0145],
        [1.8211],
        [2.2370],
        [2.3950],
        [2.1959],
        [2.0521],
        [2.0309],
        [2.0202],
        [1.6922],
        [2.1816],
        [2.1307],
        [2.9020],
        [2.4611],
        [2.2787],
        [2.3443],
        [2.0269],
        [1.7262],
        [2.7220],
        [2.3762],
        [2.2631],
        [2.1620],
        [2.2460],
        [2.1928],
        [1.9809],
        [1.8552],
        [2.2011],
        [2.1754],
        [2.7299],
        [1.1432],
        [2.2358],
        [1.8943],
        [2.7317],
        [1.5779],
        [2.2814],
        [2.2798],
        [2.2508],
        [2.0325],
        [2.1511],
        [2.4690],
        [2.8925],
        [2.1949],
        [2.3937],
        [2.3649],
        [2.0474],
        [1.1819],
        [1.8703],
        [2.0605],
        [1.6465],
        [2.5937],
        [3.1658],
        [2.3851],
        [2.2539],
        [2.3091],
        [3.0711],
        [2.3433],
        [2.2610],
        [2.2603],
        [1.6298],
        [1.6708],
        [1.7683],
        [2.2036],
        [2.0511],
        [2.5107],
        [1.6653],
        [2.8943],
        [2.0612],
        [1.6879],
        [1.0188],
        [2.6518],
        [1.9857],
        [2.2818],
        [3.2400],
        [2.1923],
        [1.4611],
        [2.6347],
        [1.9844],
        [2.6129],
        [1.5805],
        [2.4717],
        [2.3703],
        [2.7462],
        [2.8454],
        [1.6342],
        [2.2357],
        [2.2762],
        [1.4440],
        [3.0472],
        [1.7797],
        [2.1024],
        [2.5010],
        [3.2699],
        [3.4254],
        [1.9630],
        [2.0323],
        [2.0827],
        [1.9144],
        [2.1071],
        [1.7990],
        [2.5138],
        [2.6486],
        [3.1577],
        [1.8540],
        [2.2533],
        [1.1267],
        [1.6888],
        [1.3892],
        [2.3869],
        [0.7866],
        [2.2661],
        [1.6951],
        [2.2694],
        [2.3211],
        [2.3749],
        [2.1657],
        [1.5679],
        [2.3239],
        [2.9046],
        [2.2936],
        [2.6417],
        [2.4945],
        [1.7745],
        [1.9751],
        [2.3001],
        [2.2777],
        [2.3031],
        [2.1299],
        [2.3402],
        [3.3497],
        [2.1151],
        [1.6676],
        [2.4841],
        [1.6669],
        [1.9385],
        [2.3649],
        [2.8231],
        [2.4769],
        [2.2298],
        [1.4396],
        [2.0225],
        [2.2181],
        [1.8198],
        [1.4112],
        [2.3056],
        [2.3727],
        [2.1357],
        [2.9697],
        [1.8660],
        [2.4156],
        [2.0070],
        [2.7477],
        [2.4182],
        [1.8994],
        [2.3737],
        [2.3093],
        [2.0401],
        [2.5940],
        [2.1532],
        [2.2211],
        [1.9338],
        [2.2731],
        [1.5399],
        [2.2462],
        [1.4917],
        [2.3992],
        [2.4566],
        [2.1617],
        [1.9096],
        [2.1449],
        [3.6767],
        [1.4515]], device='cuda:0')
Binary Target :  tensor([1, 1, 1, 1, 1, 1, 1, 1, 1, 0, 1, 1, 1, 1, 1, 1, 1, 1, 0, 0, 1, 1, 1, 1,
        1, 1, 0, 1, 1, 1, 1, 1, 1, 1, 1, 0, 1, 1, 1, 1, 1, 1, 0, 1, 1, 0, 1, 0,
        0, 1, 1, 1, 1, 1, 1, 0, 1, 0, 1, 1, 0, 1, 1, 1, 0, 1, 0, 1, 1, 1, 1, 1,
        1, 1, 1, 0, 1, 0, 1, 1, 1, 1, 1, 1, 1, 1, 1, 1, 1, 1, 0, 0, 1, 0, 1, 1,
        1, 0, 1, 0, 1, 1, 0, 1, 0, 1, 1, 1, 1, 1, 1, 1, 1, 1, 0, 1, 1, 1, 1, 1,
        1, 1, 1, 1, 0, 1, 1, 1, 1, 1, 1, 0, 1, 1, 1, 1, 1, 1, 1, 1, 1, 1, 1, 1,
        1, 1, 1, 1, 0, 1, 1, 0, 1, 1, 1, 1, 1, 0, 1, 1, 1, 0, 1, 1, 1, 1, 0, 1,
        1, 1, 1, 1, 0, 0, 1, 1, 0, 0, 1, 0], device='cuda:0',
       dtype=torch.uint8)
Binary Predictions :  tensor([[ 1.4135],
        [ 1.4467],
        [ 2.5232],
        [ 1.5678],
        [ 2.7109],
        [ 1.0911],
        [ 1.4965],
        [ 1.1285],
        [ 0.8708],
        [ 1.1077],
        [ 1.1869],
        [ 0.9462],
        [ 1.4364],
        [ 1.5784],
        [ 1.3683],
        [ 1.2747],
        [ 1.1903],
        [ 1.1406],
        [ 0.7613],
        [ 1.3381],
        [ 1.3328],
        [ 2.0992],
        [ 1.7168],
        [ 1.4895],
        [ 1.5440],
        [ 1.1510],
        [ 0.9014],
        [ 1.9637],
        [ 1.5628],
        [ 1.4403],
        [ 1.3750],
        [ 1.4684],
        [ 1.3916],
        [ 1.1624],
        [ 0.9725],
        [ 1.3574],
        [ 1.3269],
        [ 1.9328],
        [ 0.2709],
        [ 1.3910],
        [ 1.0672],
        [ 2.0086],
        [ 0.6988],
        [ 1.5375],
        [ 1.4764],
        [ 1.4291],
        [ 1.2118],
        [ 1.3340],
        [ 1.6602],
        [ 2.1502],
        [ 1.3648],
        [ 1.6060],
        [ 1.5799],
        [ 1.2332],
        [ 0.1652],
        [ 0.9802],
        [ 1.2686],
        [ 0.8094],
        [ 1.8567],
        [ 2.3778],
        [ 1.5733],
        [ 1.4676],
        [ 1.4947],
        [ 2.3639],
        [ 1.5207],
        [ 1.4379],
        [ 1.5280],
        [ 0.7764],
        [ 0.7662],
        [ 0.8311],
        [ 1.3958],
        [ 1.2118],
        [ 1.7162],
        [ 0.7986],
        [ 2.1178],
        [ 1.2542],
        [ 0.8371],
        [ 0.1614],
        [ 1.9169],
        [ 1.2116],
        [ 1.4558],
        [ 2.5330],
        [ 1.3333],
        [ 0.6356],
        [ 1.9074],
        [ 1.1797],
        [ 1.8604],
        [ 0.6718],
        [ 1.6055],
        [ 1.5378],
        [ 2.0663],
        [ 2.0717],
        [ 0.7024],
        [ 1.3957],
        [ 1.4496],
        [ 0.6315],
        [ 2.3111],
        [ 0.8905],
        [ 1.2977],
        [ 1.7239],
        [ 2.5337],
        [ 2.6822],
        [ 1.1263],
        [ 1.2115],
        [ 1.2800],
        [ 1.0159],
        [ 1.2490],
        [ 0.9527],
        [ 1.7458],
        [ 1.9038],
        [ 2.4384],
        [ 0.9480],
        [ 1.4466],
        [ 0.2429],
        [ 0.8047],
        [ 0.5062],
        [ 1.6158],
        [-0.1086],
        [ 1.4568],
        [ 0.7719],
        [ 1.4458],
        [ 1.5245],
        [ 1.5721],
        [ 1.3433],
        [ 0.7056],
        [ 1.5109],
        [ 2.1796],
        [ 1.5011],
        [ 1.9249],
        [ 1.7382],
        [ 0.8546],
        [ 1.1817],
        [ 1.5102],
        [ 1.4187],
        [ 1.5013],
        [ 1.3012],
        [ 1.5088],
        [ 2.6877],
        [ 1.2993],
        [ 0.7753],
        [ 1.7135],
        [ 0.7817],
        [ 1.1194],
        [ 1.5538],
        [ 2.0996],
        [ 1.6396],
        [ 1.4488],
        [ 0.6291],
        [ 1.1603],
        [ 1.3473],
        [ 0.8384],
        [ 0.5306],
        [ 1.4751],
        [ 1.5901],
        [ 1.3260],
        [ 2.2768],
        [ 0.9812],
        [ 1.6311],
        [ 1.2117],
        [ 1.9740],
        [ 1.6101],
        [ 1.0595],
        [ 1.5980],
        [ 1.5460],
        [ 1.1899],
        [ 1.8728],
        [ 1.2981],
        [ 1.3985],
        [ 1.1737],
        [ 1.4118],
        [ 0.6488],
        [ 1.4139],
        [ 0.5598],
        [ 1.5606],
        [ 1.6694],
        [ 1.3196],
        [ 1.0516],
        [ 1.3215],
        [ 3.0070],
        [ 0.5599]], device='cuda:0')
Binary Target :  tensor([1, 1, 1, 0, 1, 1, 1, 0, 1, 0, 1, 0, 1, 0, 1, 1, 1, 1, 0, 0, 1, 1, 1, 0,
        1, 1, 0, 1, 1, 1, 1, 1, 1, 0, 1, 0, 1, 0, 1, 1, 1, 0, 0, 1, 1, 0, 1, 0,
        0, 1, 1, 0, 1, 0, 1, 0, 1, 0, 1, 1, 0, 0, 1, 1, 0, 1, 0, 1, 1, 0, 1, 1,
        1, 1, 1, 0, 1, 0, 1, 1, 1, 1, 1, 0, 1, 0, 1, 1, 0, 1, 0, 0, 1, 0, 1, 1,
        1, 0, 1, 0, 1, 1, 0, 1, 0, 1, 1, 1, 1, 1, 1, 1, 1, 1, 0, 0, 1, 1, 1, 0,
        1, 1, 0, 1, 0, 1, 1, 1, 0, 1, 1, 0, 1, 0, 1, 1, 1, 1, 0, 1, 1, 1, 1, 1,
        1, 1, 1, 0, 0, 1, 1, 0, 1, 1, 1, 0, 0, 0, 1, 0, 1, 0, 1, 1, 0, 1, 0, 0,
        1, 1, 1, 1, 0, 0, 1, 1, 0, 0, 1, 0], device='cuda:0',
       dtype=torch.uint8)
Binary Predictions :  tensor([[ 0.7931],
        [ 0.7408],
        [ 1.9252],
        [ 0.9714],
        [ 2.0901],
        [ 0.4880],
        [ 0.8877],
        [ 0.4945],
        [ 0.1806],
        [ 0.5063],
        [ 0.5741],
        [ 0.3321],
        [ 0.7942],
        [ 0.9621],
        [ 0.7836],
        [ 0.5897],
        [ 0.5614],
        [ 0.5495],
        [ 0.1510],
        [ 0.7637],
        [ 0.7130],
        [ 1.5057],
        [ 1.1121],
        [ 0.8575],
        [ 0.9377],
        [ 0.5436],
        [ 0.2526],
        [ 1.3402],
        [ 0.9636],
        [ 0.8486],
        [ 0.7173],
        [ 0.8129],
        [ 0.7891],
        [ 0.5492],
        [ 0.3565],
        [ 0.7678],
        [ 0.7280],
        [ 1.2959],
        [-0.5066],
        [ 0.7891],
        [ 0.4093],
        [ 1.3784],
        [ 0.0501],
        [ 0.8345],
        [ 0.8307],
        [ 0.8414],
        [ 0.5675],
        [ 0.7230],
        [ 1.0801],
        [ 1.5493],
        [ 0.7568],
        [ 1.0153],
        [ 0.9798],
        [ 0.5777],
        [-0.4942],
        [ 0.3812],
        [ 0.5871],
        [ 0.1149],
        [ 1.2372],
        [ 1.7614],
        [ 1.0049],
        [ 0.8764],
        [ 0.8998],
        [ 1.7763],
        [ 0.9422],
        [ 0.8412],
        [ 0.8896],
        [ 0.1305],
        [ 0.1200],
        [ 0.2053],
        [ 0.7808],
        [ 0.5598],
        [ 1.1065],
        [ 0.1392],
        [ 1.5060],
        [ 0.6078],
        [ 0.1805],
        [-0.6570],
        [ 1.3125],
        [ 0.5513],
        [ 0.8629],
        [ 1.8925],
        [ 0.7447],
        [-0.0589],
        [ 1.2951],
        [ 0.5293],
        [ 1.2608],
        [ 0.0050],
        [ 1.0225],
        [ 0.9344],
        [ 1.4596],
        [ 1.4635],
        [ 0.0892],
        [ 0.7938],
        [ 0.8804],
        [-0.1122],
        [ 1.7006],
        [ 0.2658],
        [ 0.6582],
        [ 1.1163],
        [ 1.9386],
        [ 2.0855],
        [ 0.4760],
        [ 0.5935],
        [ 0.6513],
        [ 0.4161],
        [ 0.6406],
        [ 0.2727],
        [ 1.1457],
        [ 1.3091],
        [ 1.8680],
        [ 0.3572],
        [ 0.8380],
        [-0.4714],
        [ 0.1564],
        [-0.2025],
        [ 0.9765],
        [-0.9387],
        [ 0.8532],
        [ 0.1494],
        [ 0.8527],
        [ 0.9183],
        [ 0.9635],
        [ 0.7189],
        [ 0.0447],
        [ 0.9213],
        [ 1.5293],
        [ 0.8926],
        [ 1.3001],
        [ 1.1407],
        [ 0.2405],
        [ 0.4932],
        [ 0.9217],
        [ 0.8159],
        [ 0.8855],
        [ 0.6794],
        [ 0.8693],
        [ 2.1009],
        [ 0.6871],
        [ 0.1164],
        [ 1.0850],
        [ 0.1409],
        [ 0.4886],
        [ 0.9495],
        [ 1.4920],
        [ 1.0259],
        [ 0.8319],
        [-0.1003],
        [ 0.5697],
        [ 0.7250],
        [ 0.2875],
        [-0.1626],
        [ 0.8812],
        [ 0.9955],
        [ 0.7214],
        [ 1.6551],
        [ 0.3154],
        [ 0.9987],
        [ 0.5636],
        [ 1.3676],
        [ 0.9902],
        [ 0.4129],
        [ 0.9790],
        [ 0.9332],
        [ 0.5491],
        [ 1.2395],
        [ 0.6872],
        [ 0.8012],
        [ 0.4674],
        [ 0.8215],
        [-0.0289],
        [ 0.7851],
        [-0.0900],
        [ 0.9506],
        [ 1.0813],
        [ 0.7264],
        [ 0.4252],
        [ 0.7175],
        [ 2.3898],
        [-0.1005]], device='cuda:0')
Binary Target :  tensor([0, 1, 1, 0, 1, 1, 1, 0, 0, 0, 1, 0, 0, 0, 1, 1, 1, 1, 0, 0, 1, 1, 1, 0,
        0, 1, 0, 1, 1, 1, 0, 0, 1, 0, 1, 0, 1, 0, 1, 1, 1, 0, 0, 1, 1, 0, 1, 0,
        0, 1, 1, 0, 1, 0, 0, 0, 1, 0, 1, 1, 0, 0, 1, 1, 0, 1, 0, 1, 1, 0, 1, 0,
        1, 0, 1, 0, 0, 0, 0, 1, 1, 1, 1, 0, 1, 0, 1, 0, 0, 1, 0, 0, 0, 0, 1, 1,
        1, 0, 1, 0, 1, 1, 0, 1, 0, 1, 1, 1, 0, 0, 1, 1, 0, 1, 0, 0, 1, 1, 1, 0,
        1, 1, 0, 1, 0, 1, 1, 1, 0, 1, 0, 0, 1, 0, 1, 1, 1, 1, 0, 1, 1, 1, 1, 1,
        1, 1, 1, 0, 0, 1, 1, 0, 1, 1, 1, 0, 0, 0, 1, 0, 1, 0, 1, 0, 0, 1, 0, 0,
        0, 0, 1, 1, 0, 0, 1, 0, 0, 0, 1, 0], device='cuda:0',
       dtype=torch.uint8)
Binary Predictions :  tensor([[ 0.3326],
        [ 0.2249],
        [ 1.4999],
        [ 0.5340],
        [ 1.6301],
        [ 0.0527],
        [ 0.4405],
        [ 0.0261],
        [-0.3759],
        [ 0.0266],
        [ 0.1014],
        [-0.1438],
        [ 0.3354],
        [ 0.5128],
        [ 0.3243],
        [ 0.0867],
        [ 0.0927],
        [ 0.1130],
        [-0.2975],
        [ 0.2817],
        [ 0.2211],
        [ 1.0669],
        [ 0.6140],
        [ 0.4018],
        [ 0.5057],
        [ 0.1148],
        [-0.2354],
        [ 0.8938],
        [ 0.5367],
        [ 0.3871],
        [ 0.1860],
        [ 0.2956],
        [ 0.3149],
        [ 0.0460],
        [-0.1081],
        [ 0.3147],
        [ 0.2733],
        [ 0.8530],
        [-1.0789],
        [ 0.3390],
        [-0.1085],
        [ 0.8856],
        [-0.4550],
        [ 0.3016],
        [ 0.3817],
        [ 0.3961],
        [ 0.0705],
        [ 0.2776],
        [ 0.6586],
        [ 1.1087],
        [ 0.3093],
        [ 0.5548],
        [ 0.5032],
        [ 0.0955],
        [-0.9869],
        [-0.0964],
        [ 0.0770],
        [-0.3846],
        [ 0.7904],
        [ 1.3450],
        [ 0.5585],
        [ 0.4013],
        [ 0.4397],
        [ 1.3145],
        [ 0.4917],
        [ 0.3735],
        [ 0.3664],
        [-0.3989],
        [-0.3517],
        [-0.2324],
        [ 0.3036],
        [ 0.0871],
        [ 0.6736],
        [-0.3533],
        [ 1.0867],
        [ 0.1355],
        [-0.3340],
        [-1.2576],
        [ 0.8485],
        [ 0.0221],
        [ 0.3966],
        [ 1.4344],
        [ 0.3227],
        [-0.6081],
        [ 0.7842],
        [ 0.0100],
        [ 0.7960],
        [-0.4897],
        [ 0.5747],
        [ 0.5158],
        [ 0.9660],
        [ 1.0094],
        [-0.3681],
        [ 0.3665],
        [ 0.4237],
        [-0.6576],
        [ 1.2446],
        [-0.2095],
        [ 0.1676],
        [ 0.6533],
        [ 1.4912],
        [ 1.6391],
        [ 0.0038],
        [ 0.0858],
        [ 0.1756],
        [-0.0384],
        [ 0.1915],
        [-0.1954],
        [ 0.6897],
        [ 0.8631],
        [ 1.4111],
        [-0.0921],
        [ 0.3789],
        [-1.0440],
        [-0.3230],
        [-0.7182],
        [ 0.4718],
        [-1.5135],
        [ 0.4037],
        [-0.3077],
        [ 0.3983],
        [ 0.4600],
        [ 0.5081],
        [ 0.2577],
        [-0.4487],
        [ 0.4714],
        [ 1.0394],
        [ 0.3970],
        [ 0.8597],
        [ 0.6826],
        [-0.2100],
        [-0.0276],
        [ 0.4542],
        [ 0.3748],
        [ 0.4069],
        [ 0.2392],
        [ 0.3875],
        [ 1.6322],
        [ 0.2037],
        [-0.3454],
        [ 0.6433],
        [-0.3465],
        [ 0.0219],
        [ 0.5092],
        [ 1.0584],
        [ 0.5764],
        [ 0.3309],
        [-0.6579],
        [ 0.1227],
        [ 0.2996],
        [-0.1646],
        [-0.6904],
        [ 0.4350],
        [ 0.5439],
        [ 0.2405],
        [ 1.1950],
        [-0.1465],
        [ 0.5286],
        [ 0.0555],
        [ 0.9252],
        [ 0.5143],
        [-0.0522],
        [ 0.4631],
        [ 0.4305],
        [ 0.0950],
        [ 0.7541],
        [ 0.2554],
        [ 0.3401],
        [-0.0526],
        [ 0.3848],
        [-0.5449],
        [ 0.2969],
        [-0.5799],
        [ 0.5136],
        [ 0.6220],
        [ 0.2596],
        [-0.0335],
        [ 0.2499],
        [ 1.9531],
        [-0.6106]], device='cuda:0')
Binary Target :  tensor([0, 1, 1, 0, 1, 1, 1, 0, 0, 0, 1, 0, 0, 0, 1, 1, 0, 1, 0, 0, 1, 1, 1, 0,
        0, 1, 0, 1, 0, 1, 0, 0, 1, 0, 1, 0, 1, 0, 0, 1, 1, 0, 0, 1, 1, 0, 1, 0,
        0, 0, 1, 0, 1, 0, 0, 0, 1, 0, 1, 1, 0, 0, 1, 1, 0, 0, 0, 1, 1, 0, 1, 0,
        0, 0, 1, 0, 0, 0, 0, 1, 1, 1, 1, 0, 1, 0, 1, 0, 0, 1, 0, 0, 0, 0, 1, 1,
        1, 0, 1, 0, 1, 1, 0, 1, 0, 1, 1, 0, 0, 0, 0, 1, 0, 1, 0, 0, 1, 1, 1, 0,
        1, 1, 0, 0, 0, 1, 1, 1, 0, 1, 0, 0, 0, 0, 0, 1, 1, 1, 0, 1, 1, 1, 1, 1,
        1, 1, 1, 0, 0, 1, 0, 0, 1, 1, 1, 0, 0, 0, 1, 0, 1, 0, 1, 0, 0, 1, 0, 0,
        0, 0, 1, 1, 0, 0, 1, 0, 0, 0, 1, 0], device='cuda:0',
       dtype=torch.uint8)
Binary Predictions :  tensor([[-1.6267e-01],
        [-3.0356e-01],
        [ 9.3110e-01],
        [ 1.8492e-02],
        [ 1.1253e+00],
        [-4.6444e-01],
        [-4.8135e-02],
        [-4.9309e-01],
        [-9.2874e-01],
        [-4.8050e-01],
        [-4.0351e-01],
        [-6.6976e-01],
        [-1.2843e-01],
        [ 1.8568e-03],
        [-1.8125e-01],
        [-4.1411e-01],
        [-3.7978e-01],
        [-4.2353e-01],
        [-8.5321e-01],
        [-2.4971e-01],
        [-2.5728e-01],
        [ 5.3267e-01],
        [ 1.4424e-01],
        [-8.7189e-02],
        [ 2.9898e-02],
        [-3.8628e-01],
        [-7.2525e-01],
        [ 4.1794e-01],
        [ 2.9097e-02],
        [-1.3753e-01],
        [-3.4943e-01],
        [-1.4905e-01],
        [-1.8018e-01],
        [-4.5853e-01],
        [-6.0869e-01],
        [-1.8061e-01],
        [-2.1207e-01],
        [ 3.3865e-01],
        [-1.6783e+00],
        [-1.5007e-01],
        [-6.2913e-01],
        [ 3.8971e-01],
        [-9.9332e-01],
        [-1.8289e-01],
        [-1.2920e-01],
        [-1.0807e-01],
        [-4.0481e-01],
        [-1.9994e-01],
        [ 1.3054e-01],
        [ 5.9369e-01],
        [-1.8484e-01],
        [ 5.3247e-02],
        [ 2.7409e-02],
        [-3.9819e-01],
        [-1.6021e+00],
        [-6.0738e-01],
        [-3.9227e-01],
        [-9.0268e-01],
        [ 3.3005e-01],
        [ 7.9561e-01],
        [ 2.2114e-02],
        [-8.4514e-02],
        [-4.3599e-02],
        [ 7.7624e-01],
        [-1.8529e-02],
        [-1.1224e-01],
        [-8.3909e-02],
        [-9.0371e-01],
        [-8.4617e-01],
        [-7.8012e-01],
        [-1.7733e-01],
        [-3.8564e-01],
        [ 1.9039e-01],
        [-8.5000e-01],
        [ 5.6035e-01],
        [-3.3937e-01],
        [-8.3012e-01],
        [-1.8413e+00],
        [ 3.6296e-01],
        [-4.3882e-01],
        [-1.1506e-01],
        [ 8.9394e-01],
        [-1.9326e-01],
        [-1.1221e+00],
        [ 3.0148e-01],
        [-4.8192e-01],
        [ 3.0419e-01],
        [-1.0864e+00],
        [-4.0771e-03],
        [ 8.2274e-03],
        [ 5.0974e-01],
        [ 4.9356e-01],
        [-9.2174e-01],
        [-1.4561e-01],
        [-8.5516e-02],
        [-1.1873e+00],
        [ 7.1861e-01],
        [-7.2322e-01],
        [-3.0480e-01],
        [ 1.7898e-01],
        [ 9.4485e-01],
        [ 1.0775e+00],
        [-4.5039e-01],
        [-4.5268e-01],
        [-3.3733e-01],
        [-5.5936e-01],
        [-3.0411e-01],
        [-6.8333e-01],
        [ 1.7962e-01],
        [ 3.7153e-01],
        [ 8.7155e-01],
        [-6.4134e-01],
        [-1.1249e-01],
        [-1.5743e+00],
        [-8.5752e-01],
        [-1.2594e+00],
        [-4.0031e-02],
        [-2.0804e+00],
        [-7.8796e-02],
        [-8.9078e-01],
        [-1.1820e-01],
        [-1.1267e-02],
        [ 2.0767e-02],
        [-2.1883e-01],
        [-9.3997e-01],
        [-2.4326e-02],
        [ 5.8046e-01],
        [-9.2961e-02],
        [ 3.6212e-01],
        [ 1.9046e-01],
        [-7.5019e-01],
        [-4.8796e-01],
        [-4.3493e-02],
        [-1.4268e-01],
        [-8.4500e-02],
        [-2.6499e-01],
        [-1.5177e-01],
        [ 1.1079e+00],
        [-2.7426e-01],
        [-8.8030e-01],
        [ 1.6416e-01],
        [-8.4617e-01],
        [-4.5415e-01],
        [ 2.9874e-02],
        [ 5.6607e-01],
        [ 5.2269e-02],
        [-1.5596e-01],
        [-1.1870e+00],
        [-3.8714e-01],
        [-1.9202e-01],
        [-7.7138e-01],
        [-1.2072e+00],
        [-5.1903e-02],
        [ 6.2206e-02],
        [-2.3173e-01],
        [ 6.8791e-01],
        [-6.9799e-01],
        [ 6.2917e-02],
        [-4.1393e-01],
        [ 4.1612e-01],
        [ 4.5780e-02],
        [-5.3099e-01],
        [-2.9965e-02],
        [-5.5821e-02],
        [-3.8574e-01],
        [ 2.5440e-01],
        [-2.3160e-01],
        [-1.7477e-01],
        [-5.3109e-01],
        [-1.4588e-01],
        [-1.1087e+00],
        [-2.6172e-01],
        [-1.1719e+00],
        [ 5.9015e-03],
        [ 1.4144e-01],
        [-2.5726e-01],
        [-5.6714e-01],
        [-2.3427e-01],
        [ 1.3643e+00],
        [-1.1472e+00]], device='cuda:0')
Binary Target :  tensor([0, 1, 0, 0, 1, 1, 1, 0, 0, 0, 1, 0, 0, 0, 1, 1, 0, 1, 0, 0, 1, 0, 1, 0,
        0, 1, 0, 1, 0, 1, 0, 0, 1, 0, 1, 0, 1, 0, 0, 1, 1, 0, 0, 0, 1, 0, 1, 0,
        0, 0, 1, 0, 1, 0, 0, 0, 1, 0, 1, 1, 0, 0, 1, 0, 0, 0, 0, 1, 1, 0, 0, 0,
        0, 0, 0, 0, 0, 0, 0, 1, 1, 1, 1, 0, 0, 0, 1, 0, 0, 0, 0, 0, 0, 0, 1, 1,
        1, 0, 1, 0, 0, 1, 0, 0, 0, 1, 1, 0, 0, 0, 0, 1, 0, 1, 0, 0, 1, 1, 1, 0,
        1, 0, 0, 0, 0, 1, 1, 1, 0, 0, 0, 0, 0, 0, 0, 0, 1, 1, 0, 0, 0, 0, 1, 1,
        1, 1, 1, 0, 0, 1, 0, 0, 1, 1, 0, 0, 0, 0, 1, 0, 1, 0, 1, 0, 0, 1, 0, 0,
        0, 0, 0, 1, 0, 0, 1, 0, 0, 0, 1, 0], device='cuda:0',
       dtype=torch.uint8)
Binary Predictions :  tensor([[-0.6545],
        [-0.8422],
        [ 0.4356],
        [-0.4239],
        [ 0.5819],
        [-0.8997],
        [-0.5351],
        [-0.9581],
        [-1.4577],
        [-0.9761],
        [-0.8813],
        [-1.1394],
        [-0.6463],
        [-0.5026],
        [-0.6437],
        [-0.9410],
        [-0.8902],
        [-0.8506],
        [-1.3006],
        [-0.7093],
        [-0.7745],
        [ 0.0175],
        [-0.3716],
        [-0.5694],
        [-0.4410],
        [-0.8376],
        [-1.2273],
        [-0.0816],
        [-0.4218],
        [-0.5862],
        [-0.8867],
        [-0.7360],
        [-0.6665],
        [-0.9700],
        [-1.0783],
        [-0.6603],
        [-0.6898],
        [-0.2023],
        [-2.2581],
        [-0.6441],
        [-1.1430],
        [-0.1461],
        [-1.4892],
        [-0.7503],
        [-0.6385],
        [-0.5632],
        [-0.9283],
        [-0.6712],
        [-0.2886],
        [ 0.1261],
        [-0.6538],
        [-0.4270],
        [-0.4731],
        [-0.8977],
        [-2.1374],
        [-1.1044],
        [-0.9603],
        [-1.3974],
        [-0.1700],
        [ 0.2866],
        [-0.4023],
        [-0.5674],
        [-0.5208],
        [ 0.3212],
        [-0.4718],
        [-0.6155],
        [-0.6484],
        [-1.4422],
        [-1.3567],
        [-1.2468],
        [-0.6793],
        [-0.9078],
        [-0.2765],
        [-1.3683],
        [ 0.0930],
        [-0.8420],
        [-1.3553],
        [-2.4496],
        [-0.1097],
        [-0.9846],
        [-0.5834],
        [ 0.3945],
        [-0.6318],
        [-1.6796],
        [-0.2389],
        [-1.0248],
        [-0.1766],
        [-1.6265],
        [-0.4535],
        [-0.4519],
        [-0.0106],
        [-0.0204],
        [-1.4089],
        [-0.5940],
        [-0.5622],
        [-1.7303],
        [ 0.2106],
        [-1.2092],
        [-0.8130],
        [-0.3256],
        [ 0.4261],
        [ 0.5610],
        [-0.9775],
        [-0.9308],
        [-0.8360],
        [-1.0354],
        [-0.7660],
        [-1.1790],
        [-0.2975],
        [-0.0880],
        [ 0.4037],
        [-1.0810],
        [-0.5906],
        [-2.1616],
        [-1.3430],
        [-1.7636],
        [-0.5550],
        [-2.6510],
        [-0.5450],
        [-1.3594],
        [-0.5888],
        [-0.5033],
        [-0.4823],
        [-0.7083],
        [-1.4494],
        [-0.4839],
        [-0.0188],
        [-0.6008],
        [-0.0890],
        [-0.2808],
        [-1.2339],
        [-1.0490],
        [-0.5136],
        [-0.5937],
        [-0.5883],
        [-0.7073],
        [-0.6655],
        [ 0.6128],
        [-0.7937],
        [-1.3780],
        [-0.3347],
        [-1.3629],
        [-0.9470],
        [-0.4438],
        [ 0.1106],
        [-0.4693],
        [-0.6876],
        [-1.7712],
        [-0.8423],
        [-0.6739],
        [-1.2244],
        [-1.7584],
        [-0.5387],
        [-0.4035],
        [-0.7297],
        [ 0.1940],
        [-1.2106],
        [-0.4390],
        [-0.9462],
        [-0.0696],
        [-0.4978],
        [-1.0188],
        [-0.5594],
        [-0.5815],
        [-0.8955],
        [-0.2415],
        [-0.6986],
        [-0.6473],
        [-1.0741],
        [-0.5974],
        [-1.6219],
        [-0.7450],
        [-1.6680],
        [-0.4881],
        [-0.3446],
        [-0.7404],
        [-1.0245],
        [-0.7128],
        [ 0.9156],
        [-1.6763]], device='cuda:0')
Binary Target :  tensor([0, 0, 0, 0, 0, 0, 0, 0, 0, 0, 1, 0, 0, 0, 0, 1, 0, 1, 0, 0, 1, 0, 1, 0,
        0, 1, 0, 1, 0, 0, 0, 0, 1, 0, 1, 0, 1, 0, 0, 1, 1, 0, 0, 0, 0, 0, 1, 0,
        0, 0, 1, 0, 0, 0, 0, 0, 1, 0, 1, 1, 0, 0, 1, 0, 0, 0, 0, 1, 1, 0, 0, 0,
        0, 0, 0, 0, 0, 0, 0, 1, 1, 1, 0, 0, 0, 0, 1, 0, 0, 0, 0, 0, 0, 0, 1, 1,
        1, 0, 0, 0, 0, 0, 0, 0, 0, 1, 1, 0, 0, 0, 0, 0, 0, 1, 0, 0, 0, 0, 0, 0,
        1, 0, 0, 0, 0, 1, 0, 1, 0, 0, 0, 0, 0, 0, 0, 0, 1, 0, 0, 0, 0, 0, 1, 0,
        1, 1, 1, 0, 0, 0, 0, 0, 0, 0, 0, 0, 0, 0, 1, 0, 1, 0, 0, 0, 0, 0, 0, 0,
        0, 0, 0, 0, 0, 0, 1, 0, 0, 0, 1, 0], device='cuda:0',
       dtype=torch.uint8)
Binary Predictions :  tensor([[-1.2459],
        [-1.3214],
        [-0.1337],
        [-1.0165],
        [ 0.0276],
        [-1.4682],
        [-1.1223],
        [-1.5042],
        [-1.9825],
        [-1.5384],
        [-1.4546],
        [-1.6914],
        [-1.1967],
        [-1.0710],
        [-1.2330],
        [-1.4808],
        [-1.4735],
        [-1.4098],
        [-1.8534],
        [-1.2793],
        [-1.3641],
        [-0.5338],
        [-0.9638],
        [-1.1657],
        [-1.0221],
        [-1.4004],
        [-1.7992],
        [-0.6527],
        [-1.0204],
        [-1.1691],
        [-1.4232],
        [-1.2814],
        [-1.2652],
        [-1.5481],
        [-1.6439],
        [-1.2478],
        [-1.2530],
        [-0.7500],
        [-2.6459],
        [-1.2042],
        [-1.6677],
        [-0.7111],
        [-2.0415],
        [-1.2813],
        [-1.2062],
        [-1.1567],
        [-1.4995],
        [-1.2588],
        [-0.8887],
        [-0.4462],
        [-1.2344],
        [-1.0153],
        [-1.0680],
        [-1.4688],
        [-2.5953],
        [-1.6806],
        [-1.5033],
        [-1.9288],
        [-0.7717],
        [-0.2329],
        [-0.9924],
        [-1.1576],
        [-1.1147],
        [-0.2750],
        [-1.0422],
        [-1.1861],
        [-1.2321],
        [-1.9884],
        [-1.8838],
        [-1.7879],
        [-1.2430],
        [-1.4402],
        [-0.8656],
        [-1.8961],
        [-0.4856],
        [-1.4116],
        [-1.9039],
        [-2.8577],
        [-0.7006],
        [-1.5560],
        [-1.1644],
        [-0.1481],
        [-1.2101],
        [-2.1853],
        [-0.8389],
        [-1.5459],
        [-0.7693],
        [-2.0817],
        [-0.9928],
        [-1.0475],
        [-0.6210],
        [-0.5869],
        [-1.9401],
        [-1.1825],
        [-1.1427],
        [-2.2007],
        [-0.3299],
        [-1.7565],
        [-1.3971],
        [-0.9067],
        [-0.1623],
        [ 0.0241],
        [-1.5465],
        [-1.5014],
        [-1.4129],
        [-1.5957],
        [-1.3431],
        [-1.6995],
        [-0.8864],
        [-0.6936],
        [-0.1900],
        [-1.6480],
        [-1.1843],
        [-2.6406],
        [-1.8943],
        [-2.2470],
        [-1.1062],
        [-3.0430],
        [-1.1305],
        [-1.9157],
        [-1.1576],
        [-1.0929],
        [-1.0557],
        [-1.2992],
        [-2.0086],
        [-1.0715],
        [-0.5756],
        [-1.1613],
        [-0.6831],
        [-0.8664],
        [-1.8051],
        [-1.5947],
        [-1.1040],
        [-1.1589],
        [-1.1479],
        [-1.2807],
        [-1.2152],
        [ 0.0231],
        [-1.3659],
        [-1.9175],
        [-0.9346],
        [-1.9093],
        [-1.5235],
        [-1.0199],
        [-0.4942],
        [-1.0421],
        [-1.2802],
        [-2.2523],
        [-1.4192],
        [-1.2369],
        [-1.7582],
        [-2.2586],
        [-1.1202],
        [-1.0034],
        [-1.3332],
        [-0.3921],
        [-1.7338],
        [-0.9935],
        [-1.5147],
        [-0.6578],
        [-1.0619],
        [-1.5845],
        [-1.1055],
        [-1.1582],
        [-1.4506],
        [-0.8376],
        [-1.2670],
        [-1.2398],
        [-1.6063],
        [-1.1804],
        [-2.1545],
        [-1.2796],
        [-2.1337],
        [-1.0595],
        [-0.9374],
        [-1.3074],
        [-1.5864],
        [-1.2967],
        [ 0.3797],
        [-2.1983]], device='cuda:0')
Binary Target :  tensor([0, 0, 0, 0, 0, 0, 0, 0, 0, 0, 0, 0, 0, 0, 0, 0, 0, 1, 0, 0, 1, 0, 1, 0,
        0, 1, 0, 0, 0, 0, 0, 0, 1, 0, 0, 0, 1, 0, 0, 0, 0, 0, 0, 0, 0, 0, 0, 0,
        0, 0, 1, 0, 0, 0, 0, 0, 1, 0, 0, 0, 0, 0, 0, 0, 0, 0, 0, 1, 0, 0, 0, 0,
        0, 0, 0, 0, 0, 0, 0, 0, 1, 0, 0, 0, 0, 0, 1, 0, 0, 0, 0, 0, 0, 0, 0, 0,
        0, 0, 0, 0, 0, 0, 0, 0, 0, 0, 0, 0, 0, 0, 0, 0, 0, 1, 0, 0, 0, 0, 0, 0,
        0, 0, 0, 0, 0, 1, 0, 0, 0, 0, 0, 0, 0, 0, 0, 0, 0, 0, 0, 0, 0, 0, 1, 0,
        0, 0, 1, 0, 0, 0, 0, 0, 0, 0, 0, 0, 0, 0, 1, 0, 0, 0, 0, 0, 0, 0, 0, 0,
        0, 0, 0, 0, 0, 0, 0, 0, 0, 0, 1, 0], device='cuda:0',
       dtype=torch.uint8)
Binary Predictions :  tensor([[-1.9737],
        [-2.2794],
        [-1.0528],
        [-1.7098],
        [-0.9423],
        [-2.1184],
        [-1.8513],
        [-2.2286],
        [-2.8607],
        [-2.2330],
        [-2.1727],
        [-2.3769],
        [-1.9417],
        [-1.8638],
        [-1.9161],
        [-2.3317],
        [-2.1931],
        [-2.0563],
        [-2.5124],
        [-1.9492],
        [-2.1072],
        [-1.4195],
        [-1.7340],
        [-1.9097],
        [-1.7284],
        [-2.0564],
        [-2.5281],
        [-1.4425],
        [-1.7235],
        [-1.8596],
        [-2.3051],
        [-2.0879],
        [-1.9804],
        [-2.2773],
        [-2.3141],
        [-1.9256],
        [-1.9422],
        [-1.6272],
        [-3.6752],
        [-1.9152],
        [-2.4571],
        [-1.5895],
        [-2.7885],
        [-2.2080],
        [-2.0272],
        [-1.8411],
        [-2.2484],
        [-1.9519],
        [-1.5675],
        [-1.2665],
        [-1.9284],
        [-1.7435],
        [-1.7993],
        [-2.2242],
        [-3.4202],
        [-2.3605],
        [-2.3234],
        [-2.7097],
        [-1.5567],
        [-1.1541],
        [-1.6743],
        [-1.8673],
        [-1.8127],
        [-1.1044],
        [-1.7502],
        [-1.9062],
        [-2.0515],
        [-2.7421],
        [-2.6011],
        [-2.4690],
        [-1.9769],
        [-2.2049],
        [-1.5945],
        [-2.6314],
        [-1.2981],
        [-2.1500],
        [-2.6531],
        [-3.8895],
        [-1.4719],
        [-2.3472],
        [-1.8632],
        [-1.1368],
        [-1.8741],
        [-3.0018],
        [-1.6792],
        [-2.3437],
        [-1.5415],
        [-2.9541],
        [-1.7577],
        [-1.7751],
        [-1.4493],
        [-1.4370],
        [-2.6435],
        [-1.8606],
        [-1.8365],
        [-3.0936],
        [-1.2644],
        [-2.4391],
        [-2.1357],
        [-1.6810],
        [-1.0758],
        [-0.9519],
        [-2.2765],
        [-2.2487],
        [-2.1846],
        [-2.2692],
        [-2.0176],
        [-2.4479],
        [-1.6625],
        [-1.4438],
        [-1.0218],
        [-2.2901],
        [-1.9032],
        [-3.4741],
        [-2.6160],
        [-3.0367],
        [-1.9620],
        [-4.0025],
        [-1.8359],
        [-2.6358],
        [-1.8514],
        [-1.8080],
        [-1.8130],
        [-2.0100],
        [-2.7349],
        [-1.7692],
        [-1.4999],
        [-1.9378],
        [-1.4536],
        [-1.6167],
        [-2.4979],
        [-2.4030],
        [-1.8186],
        [-1.8495],
        [-1.8999],
        [-1.9694],
        [-2.0255],
        [-0.8947],
        [-2.1030],
        [-2.6732],
        [-1.7111],
        [-2.6211],
        [-2.2422],
        [-1.7369],
        [-1.2746],
        [-1.8387],
        [-2.0539],
        [-3.1780],
        [-2.0774],
        [-1.9453],
        [-2.4046],
        [-3.0681],
        [-1.8269],
        [-1.7090],
        [-2.0391],
        [-1.2606],
        [-2.5375],
        [-1.7716],
        [-2.2950],
        [-1.4620],
        [-1.8385],
        [-2.2976],
        [-1.9162],
        [-1.9451],
        [-2.1824],
        [-1.6466],
        [-1.9591],
        [-1.9472],
        [-2.4449],
        [-1.8704],
        [-2.9677],
        [-2.1008],
        [-2.9156],
        [-1.7945],
        [-1.6637],
        [-2.0271],
        [-2.2874],
        [-2.0000],
        [-0.6265],
        [-2.9764]], device='cuda:0')
Epoch: [0][0/500]  lr: 0.0003  Time: 14.889 (itavg:14.889) (14.889)  Data: 0.593 (0.593) Loss: 4.33931923 (4.33931923) (4.33931923)  bal_acc: 71.87500 (71.87500) preci: 0.71875 (0.71875) rec: 0.71875 (0.71875) f1: 0.71875 (0.71875) jvpen: 1.000000000000 14.889 losscale:1.00000
Epoch: [0][20/500]  lr: 0.0003  Time: 1.575 (itavg:1.625) (2.257)  Data: 0.051 (0.088) Loss: 4.44249678 (4.29196267) (4.29421775)  bal_acc: 70.62500 (71.65013) preci: 0.70625 (0.71650) rec: 0.70625 (0.71650) f1: 0.70625 (0.71650) jvpen: 1.000000000000 32.502 losscale:1.00000
Epoch: [0][40/500]  lr: 0.0003  Time: 1.546 (itavg:1.549) (1.911)  Data: 0.055 (0.072) Loss: 4.20270586 (4.17170445) (4.23445516)  bal_acc: 72.08334 (71.97663) preci: 0.72083 (0.71977) rec: 0.72083 (0.71977) f1: 0.72083 (0.71977) jvpen: 1.000000000000 30.980 losscale:1.00000
Epoch: [0][60/500]  lr: 0.0003  Time: 1.580 (itavg:1.552) (1.794)  Data: 0.054 (0.066) Loss: 4.08622313 (4.17908022) (4.21629944)  bal_acc: 73.61111 (72.31899) preci: 0.73611 (0.72319) rec: 0.73611 (0.72319) f1: 0.73611 (0.72319) jvpen: 1.000000000000 31.036 losscale:1.00000
Epoch: [0][80/500]  lr: 0.0003  Time: 1.558 (itavg:1.551) (1.734)  Data: 0.052 (0.063) Loss: 4.25719690 (4.25482197) (4.22581118)  bal_acc: 72.56944 (72.25223) preci: 0.72569 (0.72252) rec: 0.72569 (0.72252) f1: 0.72569 (0.72252) jvpen: 1.000000000000 31.010 losscale:1.00000
Epoch: [0][100/500]  lr: 0.0003  Time: 1.543 (itavg:1.552) (1.698)  Data: 0.050 (0.061) Loss: 4.19465542 (4.17140828) (4.21503833)  bal_acc: 73.26389 (72.23322) preci: 0.73264 (0.72233) rec: 0.73264 (0.72233) f1: 0.73264 (0.72233) jvpen: 1.000000000000 31.036 losscale:1.00000
Epoch: [0][120/500]  lr: 0.0003  Time: 1.574 (itavg:1.555) (1.674)  Data: 0.050 (0.060) Loss: 4.47409582 (4.19941442) (4.21245586)  bal_acc: 69.58334 (72.28937) preci: 0.69583 (0.72289) rec: 0.69583 (0.72289) f1: 0.69583 (0.72289) jvpen: 1.000000000000 31.097 losscale:1.00000
Epoch: [0][140/500]  lr: 0.0003  Time: 1.540 (itavg:1.547) (1.656)  Data: 0.046 (0.059) Loss: 4.09428215 (4.19625460) (4.21015781)  bal_acc: 73.19444 (72.26113) preci: 0.73194 (0.72261) rec: 0.73194 (0.72261) f1: 0.73194 (0.72261) jvpen: 1.000000000000 30.948 losscale:1.00000
Epoch: [0][160/500]  lr: 0.0003  Time: 1.543 (itavg:1.549) (1.643)  Data: 0.047 (0.058) Loss: 4.29164839 (4.25012096) (4.21512218)  bal_acc: 69.65279 (72.26277) preci: 0.69653 (0.72263) rec: 0.69653 (0.72263) f1: 0.69653 (0.72263) jvpen: 1.000000000000 30.977 losscale:1.00000
Epoch: [0][180/500]  lr: 0.0003  Time: 1.550 (itavg:1.555) (1.633)  Data: 0.053 (0.057) Loss: 4.16233540 (4.17855988) (4.21108214)  bal_acc: 72.77778 (72.28706) preci: 0.72778 (0.72287) rec: 0.72778 (0.72287) f1: 0.72778 (0.72287) jvpen: 1.000000000000 31.103 losscale:1.00000
Epoch: [0][200/500]  lr: 0.0003  Time: 1.566 (itavg:1.561) (1.626)  Data: 0.043 (0.057) Loss: 4.12434959 (4.18465774) (4.20845285)  bal_acc: 74.93056 (72.27923) preci: 0.74931 (0.72279) rec: 0.74931 (0.72279) f1: 0.74931 (0.72279) jvpen: 1.000000000000 31.214 losscale:1.00000
Epoch: [0][220/500]  lr: 0.0003  Time: 1.541 (itavg:1.547) (1.619)  Data: 0.050 (0.056) Loss: 4.19819260 (4.16130117) (4.20418573)  bal_acc: 74.79166 (72.33692) preci: 0.74792 (0.72337) rec: 0.74792 (0.72337) f1: 0.74792 (0.72337) jvpen: 1.000000000000 30.944 losscale:1.00000
